[01;34m[*][0m [cmd] ffmpeg -version ffmpeg version 0.8.16-4:0.8.16-0ubuntu0.12.04.1, Copyright (c) 2000-2014 the Libav developers
  built on Sep 16 2014 18:33:49 with gcc 4.6.3
The ffmpeg program is only provided for script compatibility and will be removed
in a future release. It has been deprecated in the Libav project to allow for
incompatible command line syntax improvements in its replacement called avconv
(see Changelog for details). Please use avconv instead.
[01;32m[*][0m : 
[01;34m[*][0m [cmd] record_recordmydesktop [01;34m[*][0m [cmd] recordmydesktop --width 1024 --height 768 \ --full-shots --fps 15 --channels 1 --device pulse --v_quality 63 --s_quality 10 --v_bitrate 2000000 --no-wm-check --no-cursor --output=/tmp/PRODUCT/session.ogv [01;34m[*][0m [cmd] sleep 10 Initial recording window is set to:
X:0   Y:0    Width:1024    Height:768
Adjusted recording window is set to:
X:0   Y:0    Width:1024    Height:768
Initializing...
Buffer size adjusted to 4096 from 4096 frames.
Opened PCM device pulse
Recording on device pulse is set to:
1 channels at 22050Hz
Capturing!
[01;32m[*][0m : 
[01;34m[*][0m [cmd] killall recordmydesktop [01;32m[*][0m : 
Shutting down.
*********************************************

Cached 13 MB, from 229 MB that were received.
Average cache compression ratio: 94.2 %

*********************************************
Saved 153 frames in a total of 152 requests
....
STATE:ENCODING
Encoding started!
This may take several minutes.
Pressing Ctrl-C will cancel the procedure (resuming will not be possible, but
any portion of the video, which is already encoded won't be deleted).
Please wait...
Output file: /tmp/PRODUCT/session.ogv
Encoding finished!
Wait a moment please...
   
Done.
Written 129675 bytes
(114352 of which were video data and 15323 audio data)

Cleanning up cache...
Done!!!
Goodbye!
[01;32m[*][0m : 
[01;32m[*][0m : 
[01;34m[*][0m [cmd] convert_from_ogv [01;34m[*][0m [cmd] HandBrakeCLI -i /tmp/PRODUCT/session.ogv -o /tmp/PRODUCT/session.mp4 --encoder x264 --vb 1800 --ab 128 --maxWidth $WIDTH --maxHeight $HEIGHT --two-pass --optimize [07:12:58] hb_init: starting libhb thread
HandBrake rev0 (2013051899) - Linux x86_64 - http://handbrake.fr
32 CPUs detected
Opening /tmp/PRODUCT/session.ogv...
[07:12:58] hb_scan: path=/tmp/PRODUCT/session.ogv, title_index=1
libbluray/bdnav/index_parse.c:162: indx_parse(): error opening /tmp/PRODUCT/session.ogv/BDMV/index.bdmv
libbluray/bdnav/index_parse.c:162: indx_parse(): error opening /tmp/PRODUCT/session.ogv/BDMV/BACKUP/index.bdmv
libbluray/bluray.c:1725: nav_get_title_list(/tmp/PRODUCT/session.ogv) failed (0x7fda08000900)
[07:12:58] bd: not a bd - trying as a stream/file instead
libdvdnav: Using dvdnav version 4.1.3
libdvdread: Encrypted DVD support unavailable.
libdvdnav:DVDOpenFileUDF:UDFFindFile /VIDEO_TS/VIDEO_TS.IFO failed
libdvdnav:DVDOpenFileUDF:UDFFindFile /VIDEO_TS/VIDEO_TS.BUP failed
libdvdread: Can't open file VIDEO_TS.IFO.
libdvdnav: vm: failed to read VIDEO_TS.IFO
[07:12:58] dvd: not a dvd - trying as a stream/file instead
Input #0, ogg, from '/tmp/PRODUCT/session.ogv':
  Duration: 00:00:10.26, start: 0.000000, bitrate: 106 kb/s
    Stream #0.0: Data: skeleton
    Stream #0.1: Video: theora, yuv420p, 1024x768 [PAR 1:1 DAR 4:3], 15 tbn, 15 tbc
    Stream #0.2: Audio: vorbis, 22050 Hz, mono, fltp, 89 kb/s
[07:12:58] scan: decoding previews for title 1
[07:12:58] scan: audio 0x2: vorbis, rate=22050Hz, bitrate=89991 Unknown (vorbis) (1.0 ch)
[07:12:58] scan: 10 previews, 1024x768, 15.000 fps, autocrop = 0/0/0/0, aspect 4:3, PAR 1:1
[07:12:58] libhb: scan thread found 1 valid title(s)
+ title 1:
  + stream: /tmp/PRODUCT/session.ogv
  + duration: 00:00:10
  + size: 1024x768, pixel aspect: 1/1, display aspect: 1.33, 15.000 fps
  + autocrop: 0/0/0/0
  + chapters:
    + 1: cells 0->0, 0 blocks, duration 00:00:10
  + audio tracks:
    + 1, Unknown (vorbis) (1.0 ch) (iso639-2: und)
  + subtitle tracks:
[07:12:58] 2 job(s) to process
[07:12:58] starting job
[07:12:58] work: mixdown not specified, track 1 setting mixdown Mono
[07:12:58] work: sanitizing track 1 bitrate 128 to 96 Kbps
[07:12:58] sync: expecting 154 video frames
[07:12:58] job configuration:
[07:12:58]  * source
[07:12:58]    + /tmp/PRODUCT/session.ogv
[07:12:58]    + title 1, chapter(s) 1 to 1
[07:12:58]    + container: ogg
[07:12:58]    + data rate: 106 kbps
[07:12:58]  * destination
[07:12:58]    + /tmp/PRODUCT/session.mp4
[07:12:58]    + container: MPEG-4 (.mp4 and .m4v)
[07:12:58]      + optimized for progressive web downloads
[07:12:58]  * video track
[07:12:58]    + decoder: theora
[07:12:58]    + frame rate: same as source (around 15.000 fps)
[07:12:58]    + filters
[07:12:58]      + Framerate Shaper (0:27000000:1800000)
[07:12:58]        + frame rate: same as source (around 15.000 fps)
[07:12:58]      + Crop and Scale (1024:768:0:0:0:0)
[07:12:58]        + source: 1024 * 768, crop (0/0/0/0): 1024 * 768, scale: 1024 * 768
[07:12:58]    + dimensions: 1024 * 768, mod 0
[07:12:58]    + encoder: H.264 (x264)
[07:12:58]      + bitrate: 1800 kbps, pass: 1
[07:12:58]  * audio track 1
[07:12:58]    + decoder: Unknown (vorbis) (1.0 ch) (track 1, id 0x2)
[07:12:58]      + bitrate: 89 kbps, samplerate: 22050 Hz
[07:12:58]    + mixdown: Mono
[07:12:58]    + encoder: AAC (faac)
[07:12:58]      + bitrate: 96 kbps, samplerate: 22050 Hz
[07:12:58] reader: first SCR 0 id 0x1 DTS 0
[07:12:58] encx264: min-keyint: 15, keyint: 150
x264 [warning]: --psnr used with psy on: results will be invalid!
x264 [warning]: --tune psnr should be used if attempting to benchmark psnr!
x264 [info]: using cpu capabilities: MMX2 SSE2Fast SSSE3 SSE4.2 AVX XOP FMA4 FMA3 SSEMisalign LZCNT BMI1
x264 [info]: profile High, level 3.1
[07:12:58] reader: done. 1 scr changes
[07:12:58] work: average encoding speed for job is 0.000000 fps
[07:12:59] sync: got 29 frames, 154 expected
[07:12:59] render: lost time: 0 (0 frames)
[07:12:59] render: gained time: 0 (0 frames) (0 not accounted for)
[07:12:59] theora-decoder done: 29 frames, 0 decoder errors, 0 drops
x264 [info]: frame I:1     Avg QP: 0.00  size:   941  PSNR Mean Y:100.00 U:100.00 V:100.00 Avg:100.00 Global:100.00
x264 [info]: frame P:10    Avg QP:13.06  size:  2597  PSNR Mean Y:59.19 U:81.54 V:77.13 Avg:60.84 Global:60.75
x264 [info]: frame B:18    Avg QP:14.18  size:  1053  PSNR Mean Y:60.16 U:61.11 V:63.04 Avg:60.55 Global:58.33
x264 [info]: consecutive B-frames: 10.3% 13.8% 20.7% 55.2%
x264 [info]: mb I  I16..4: 100.0%  0.0%  0.0%
x264 [info]: mb P  I16..4:  7.4%  1.8%  1.0%  P16..4:  1.9%  0.5%  0.2%  0.0%  0.0%    skip:87.1%
x264 [info]: mb B  I16..4:  0.8%  0.1%  0.4%  B16..8:  3.1%  0.5%  0.1%  direct: 0.3%  skip:94.7%  L0:47.7% L1:50.3% BI: 2.0%
x264 [info]: final ratefactor: -12.72
x264 [info]: 8x8 transform intra:8.8% inter:46.9%
x264 [info]: coded y,uvDC,uvAC intra: 5.9% 15.1% 11.7% inter: 0.4% 1.3% 0.6%
x264 [info]: i16 v,h,dc,p: 74% 24%  1%  1%
x264 [info]: i8 v,h,dc,ddl,ddr,vr,hd,vl,hu:  9% 69% 18%  0%  0%  0%  1%  0%  1%
x264 [info]: i4 v,h,dc,ddl,ddr,vr,hd,vl,hu: 48% 21% 18%  2%  2%  2%  3%  2%  2%
x264 [info]: i8c dc,h,v,p: 65% 31%  4%  0%
x264 [info]: Weighted P-Frames: Y:0.0% UV:0.0%
x264 [info]: ref P L0: 78.6%  4.7% 12.9%  3.8%
x264 [info]: ref B L0: 74.8% 19.4%  5.8%
x264 [info]: ref B L1: 96.9%  3.1%
x264 [info]: SSIM Mean Y:0.9997943 (36.868db)
x264 [info]: PSNR Mean Y:59.495 U:79.238 V:75.592 Avg:60.991 Global:60.406 kb/s:35.80
[07:12:59] vorbis-decoder done: 0 frames, 0 decoder errors, 0 drops
[07:12:59] starting job
[07:12:59] work: mixdown not specified, track 1 setting mixdown Mono
[07:12:59] work: sanitizing track 1 bitrate 128 to 96 Kbps
[07:12:59] sync: expecting 29 video frames
[07:12:59] job configuration:
[07:12:59]  * source
[07:12:59]    + /tmp/PRODUCT/session.ogv
[07:12:59]    + title 1, chapter(s) 1 to 1
[07:12:59]    + container: ogg
[07:12:59]    + data rate: 106 kbps
[07:12:59]  * destination
[07:12:59]    + /tmp/PRODUCT/session.mp4
[07:12:59]    + container: MPEG-4 (.mp4 and .m4v)
[07:12:59]      + optimized for progressive web downloads
[07:12:59]  * video track
[07:12:59]    + decoder: theora
[07:12:59]    + frame rate: same as source (around 15.000 fps)
[07:12:59]    + filters
[07:12:59]      + Framerate Shaper (0:27000000:1800000)
[07:12:59]        + frame rate: same as source (around 15.000 fps)
[07:12:59]      + Crop and Scale (1024:768:0:0:0:0)
[07:12:59]        + source: 1024 * 768, crop (0/0/0/0): 1024 * 768, scale: 1024 * 768
[07:12:59]    + dimensions: 1024 * 768, mod 0
[07:12:59]    + encoder: H.264 (x264)
[07:12:59]      + bitrate: 1800 kbps, pass: 2
[07:12:59]  * audio track 1
[07:12:59]    + decoder: Unknown (vorbis) (1.0 ch) (track 1, id 0x2)
[07:12:59]      + bitrate: 89 kbps, samplerate: 22050 Hz
[07:12:59]    + mixdown: Mono
[07:12:59]    + encoder: AAC (faac)
[07:12:59]      + bitrate: 96 kbps, samplerate: 22050 Hz
[07:12:59] reader: first SCR 0 id 0x1 DTS 0
[07:12:59] encx264: min-keyint: 15, keyint: 150
x264 [warning]: --psnr used with psy on: results will be invalid!
x264 [warning]: --tune psnr should be used if attempting to benchmark psnr!
x264 [info]: using cpu capabilities: MMX2 SSE2Fast SSSE3 SSE4.2 AVX XOP FMA4 FMA3 SSEMisalign LZCNT BMI1
x264 [warning]: Error: 2pass curve failed to converge
x264 [warning]: target: 1800.00 kbit/s, expected: 453.06 kbit/s, avg QP: 0.0325
x264 [warning]: try reducing target bitrate
x264 [info]: profile High, level 3.1
[07:12:59] reader: done. 1 scr changes
[07:12:59] work: average encoding speed for job is 0.000000 fps
[07:12:59] sync: got 29 frames, 29 expected
[07:12:59] render: lost time: 0 (0 frames)
[07:12:59] render: gained time: 0 (0 frames) (0 not accounted for)
[07:12:59] theora-decoder done: 29 frames, 0 decoder errors, 0 drops
x264 [info]: frame I:1     Avg QP: 0.00  size:   968  PSNR Mean Y:100.00 U:100.00 V:100.00 Avg:100.00 Global:100.00
x264 [info]: frame P:10    Avg QP: 0.92  size:  9239  PSNR Mean Y:78.49 U:98.38 V:93.79 Avg:80.12 Global:79.74
x264 [info]: frame B:18    Avg QP: 2.12  size:  4510  PSNR Mean Y:74.80 U:75.78 V:76.36 Avg:74.98 Global:73.45
x264 [info]: consecutive B-frames: 10.3% 13.8% 20.7% 55.2%
x264 [info]: mb I  I16..4: 100.0%  0.0%  0.0%
x264 [info]: mb P  I16..4:  8.6%  0.8%  1.5%  P16..4:  2.0%  0.5%  0.4%  0.0%  0.0%    skip:86.3%
x264 [info]: mb B  I16..4:  0.8%  0.1%  0.5%  B16..8:  2.2%  0.6%  0.3%  direct: 2.0%  skip:93.6%  L0:45.2% L1:51.1% BI: 3.7%
x264 [info]: 8x8 transform intra:4.0% inter:35.4%
x264 [info]: coded y,uvDC,uvAC intra: 10.1% 17.6% 16.5% inter: 0.8% 3.2% 3.0%
x264 [info]: i16 v,h,dc,p: 69% 30%  1%  0%
x264 [info]: i8 v,h,dc,ddl,ddr,vr,hd,vl,hu: 14% 59% 18%  0%  1%  1%  2%  1%  5%
x264 [info]: i4 v,h,dc,ddl,ddr,vr,hd,vl,hu: 38% 29% 18%  2%  2%  2%  3%  3%  3%
x264 [info]: i8c dc,h,v,p: 62% 33%  4%  0%
x264 [info]: Weighted P-Frames: Y:0.0% UV:0.0%
x264 [info]: ref P L0: 88.9%  4.0%  5.7%  1.4%
x264 [info]: ref B L0: 89.3%  9.4%  1.2%
x264 [info]: ref B L1: 97.7%  2.3%
x264 [info]: SSIM Mean Y:0.9999954 (53.326db)
x264 [info]: PSNR Mean Y:78.159 U:95.739 V:91.776 Avg:79.614 Global:78.353 kb/s:136.22
[07:12:59] vorbis-decoder done: 0 frames, 0 decoder errors, 0 drops
[07:12:59] muxmp4: optimizing file
[07:12:59] mux: track 0, 29 frames, 174484 bytes, 136.85 kbps, fifo 32
[07:12:59] mux: track 1, 216 frames, 15569 bytes, 12.21 kbps, fifo 256
[07:12:59] libhb: work result = 0

Encode done!
HandBrake has exited.
[01;32m[*][0m : 
[01;34m[*][0m [cmd] ffmpeg -i /tmp/PRODUCT/session.mp4 -acodec libvorbis -ac 2 -ab 96k -ar 44100 -b:v 345k -s 1024x768 /tmp/PRODUCT/session.webm ffmpeg version 0.8.16-4:0.8.16-0ubuntu0.12.04.1, Copyright (c) 2000-2014 the Libav developers
  built on Sep 16 2014 18:33:49 with gcc 4.6.3
The ffmpeg program is only provided for script compatibility and will be removed
in a future release. It has been deprecated in the Libav project to allow for
incompatible command line syntax improvements in its replacement called avconv
(see Changelog for details). Please use avconv instead.
[mov,mp4,m4a,3gp,3g2,mj2 @ 0x1b617a0] max_analyze_duration reached

Seems stream 0 codec frame rate differs from container frame rate: 180000.00 (180000/1) -> 90000.00 (180000/2)
Input #0, mov,mp4,m4a,3gp,3g2,mj2, from '/tmp/PRODUCT/session.mp4':
  Metadata:
    major_brand     : mp42
    minor_version   : 0
    compatible_brands: mp42isomavc1
    creation_time   : 2014-11-05 07:12:59
    encoder         : HandBrake rev0 2013051899
  Duration: 00:00:10.18, start: 0.000000, bitrate: 151 kb/s
    Stream #0.0(und): Video: h264 (High), yuv420p, 1024x768, 137 kb/s, 2.85 fps, 90k tbr, 90k tbn, 180k tbc
    Metadata:
      creation_time   : 2014-11-05 07:12:59
    Stream #0.1(und): Audio: aac, 22050 Hz, mono, s16, 12 kb/s
    Metadata:
      creation_time   : 2014-11-05 07:12:59
[buffer @ 0x1b64a00] w:1024 h:768 pixfmt:yuv420p
[libvpx @ 0x1be0ce0] v1.0.0
Output #0, webm, to '/tmp/PRODUCT/session.webm':
  Metadata:
    major_brand     : mp42
    minor_version   : 0
    compatible_brands: mp42isomavc1
    creation_time   : 2014-11-05 07:12:59
    encoder         : Lavf53.21.1
    Stream #0.0(und): Video: libvpx, yuv420p, 1024x768, q=-1--1, 200 kb/s, 1k tbn, 90k tbc
    Metadata:
      creation_time   : 2014-11-05 07:12:59
    Stream #0.1(und): Audio: libvorbis, 44100 Hz, 2 channels, s16, 96 kb/s
    Metadata:
      creation_time   : 2014-11-05 07:12:59
Stream mapping:
  Stream #0.0 -> #0.0
  Stream #0.1 -> #0.1
Press ctrl-c to stop encoding
frame=    4 fps=  0 q=0.0 size=       4kB time=0.18 bitrate= 192.7kbits/s    frame=    8 fps=  5 q=0.0 size=       4kB time=8.78 bitrate=   4.0kbits/s    frame=   14 fps=  7 q=0.0 size=      36kB time=9.18 bitrate=  32.4kbits/s    frame=   20 fps=  8 q=0.0 size=      36kB time=9.58 bitrate=  31.0kbits/s    frame=   27 fps=  8 q=0.0 size=      68kB time=9.97 bitrate=  56.1kbits/s    frame=   29 fps=  8 q=0.0 Lsize=      86kB time=10.03 bitrate=  70.4kbits/s    
video:67kB audio:12kB global headers:4kB muxing overhead 4.585753%
[01;32m[*][0m : 
[01;32m[*][0m : 
