[01;34m[*][0m [cmd] ffmpeg -version ffmpeg version 0.8.16-4:0.8.16-0ubuntu0.12.04.1, Copyright (c) 2000-2014 the Libav developers
  built on Sep 16 2014 18:33:49 with gcc 4.6.3
The ffmpeg program is only provided for script compatibility and will be removed
in a future release. It has been deprecated in the Libav project to allow for
incompatible command line syntax improvements in its replacement called avconv
(see Changelog for details). Please use avconv instead.
[01;32m[*][0m : 
[01;34m[*][0m [cmd] record_recordmydesktop [01;34m[*][0m [cmd] sleep 10 [01;34m[*][0m [cmd] recordmydesktop --width 1024 --height 768 \ --full-shots --fps 15 --channels 1 --device pulse --v_quality 63 --s_quality 10 --v_bitrate 2000000 --no-wm-check --no-cursor --output=/tmp/PRODUCT/session.ogv Initial recording window is set to:
X:0   Y:0    Width:1024    Height:768
Adjusted recording window is set to:
X:0   Y:0    Width:1024    Height:768
Initializing...
Buffer size adjusted to 4096 from 4096 frames.
Opened PCM device pulse
Recording on device pulse is set to:
1 channels at 22050Hz
Capturing!
[01;32m[*][0m : 
[01;34m[*][0m [cmd] killall recordmydesktop Shutting down.
*********************************************

Cached 13 MB, from 228 MB that were received.
Average cache compression ratio: 93.9 %

*********************************************
Saved 152 frames in a total of 152 requests
.[01;32m[*][0m : 
...
STATE:ENCODING
Encoding started!
This may take several minutes.
Pressing Ctrl-C will cancel the procedure (resuming will not be possible, but
any portion of the video, which is already encoded won't be deleted).
Please wait...
Output file: /tmp/PRODUCT/session.ogv
Encoding finished!
Wait a moment please...
   
Done.
Written 154420 bytes
(134513 of which were video data and 19907 audio data)

Cleanning up cache...
Done!!!
Goodbye!
[01;32m[*][0m : 
[01;32m[*][0m : 
[01;34m[*][0m [cmd] convert_from_ogv [01;34m[*][0m [cmd] HandBrakeCLI -i /tmp/PRODUCT/session.ogv -o /tmp/PRODUCT/session.mp4 --encoder x264 --vb 1800 --ab 128 --maxWidth $WIDTH --maxHeight $HEIGHT --two-pass --optimize [10:18:08] hb_init: starting libhb thread
HandBrake rev0 (2013051899) - Linux x86_64 - http://handbrake.fr
32 CPUs detected
Opening /tmp/PRODUCT/session.ogv...
[10:18:08] hb_scan: path=/tmp/PRODUCT/session.ogv, title_index=1
libbluray/bdnav/index_parse.c:162: indx_parse(): error opening /tmp/PRODUCT/session.ogv/BDMV/index.bdmv
libbluray/bdnav/index_parse.c:162: indx_parse(): error opening /tmp/PRODUCT/session.ogv/BDMV/BACKUP/index.bdmv
libbluray/bluray.c:1725: nav_get_title_list(/tmp/PRODUCT/session.ogv) failed (0x7f6da4000900)
[10:18:08] bd: not a bd - trying as a stream/file instead
libdvdnav: Using dvdnav version 4.1.3
libdvdread: Encrypted DVD support unavailable.
libdvdnav:DVDOpenFileUDF:UDFFindFile /VIDEO_TS/VIDEO_TS.IFO failed
libdvdnav:DVDOpenFileUDF:UDFFindFile /VIDEO_TS/VIDEO_TS.BUP failed
libdvdread: Can't open file VIDEO_TS.IFO.
libdvdnav: vm: failed to read VIDEO_TS.IFO
[10:18:08] dvd: not a dvd - trying as a stream/file instead
Input #0, ogg, from '/tmp/PRODUCT/session.ogv':
  Duration: 00:00:10.20, start: 0.000000, bitrate: 126 kb/s
    Stream #0.0: Data: skeleton
    Stream #0.1: Video: theora, yuv420p, 1024x768 [PAR 1:1 DAR 4:3], 15 tbn, 15 tbc
    Stream #0.2: Audio: vorbis, 22050 Hz, mono, fltp, 89 kb/s
[10:18:08] scan: decoding previews for title 1
[10:18:08] scan: audio 0x2: vorbis, rate=22050Hz, bitrate=89991 Unknown (vorbis) (1.0 ch)
[10:18:08] Warning: Could not read data for preview 1, skipped
[ogg @ 0x7f6da4001860] read_timestamp() failed in the middle
[ogg @ 0x7f6da4001860] read_timestamp() failed in the middle
[ogg @ 0x7f6da4001860] read_timestamp() failed in the middle
[ogg @ 0x7f6da4001860] read_timestamp() failed in the middle
[ogg @ 0x7f6da4001860] read_timestamp() failed in the middle
[ogg @ 0x7f6da4001860] read_timestamp() failed in the middle
[ogg @ 0x7f6da4001860] read_timestamp() failed in the middle
[ogg @ 0x7f6da4001860] read_timestamp() failed in the middle
[10:18:08] scan: 9 previews, 1024x768, 15.000 fps, autocrop = 0/144/192/0, aspect 4:3, PAR 1:1
[10:18:08] libhb: scan thread found 1 valid title(s)
+ title 1:
  + stream: /tmp/PRODUCT/session.ogv
  + duration: 00:00:10
  + size: 1024x768, pixel aspect: 1/1, display aspect: 1.33, 15.000 fps
  + autocrop: 0/144/192/0
  + chapters:
    + 1: cells 0->0, 0 blocks, duration 00:00:10
  + audio tracks:
    + 1, Unknown (vorbis) (1.0 ch) (iso639-2: und)
  + subtitle tracks:
[10:18:08] 2 job(s) to process
[10:18:08] starting job
[10:18:08] work: mixdown not specified, track 1 setting mixdown Mono
[10:18:08] work: sanitizing track 1 bitrate 128 to 96 Kbps
[10:18:08] sync: expecting 153 video frames
[10:18:08] job configuration:
[10:18:08]  * source
[10:18:08]    + /tmp/PRODUCT/session.ogv
[10:18:08]    + title 1, chapter(s) 1 to 1
[10:18:08]    + container: ogg
[10:18:08]    + data rate: 126 kbps
[10:18:08]  * destination
[10:18:08]    + /tmp/PRODUCT/session.mp4
[10:18:08]    + container: MPEG-4 (.mp4 and .m4v)
[10:18:08]      + optimized for progressive web downloads
[10:18:08]  * video track
[10:18:08]    + decoder: theora
[10:18:08]    + frame rate: same as source (around 15.000 fps)
[10:18:08]    + filters
[10:18:08]      + Framerate Shaper (0:27000000:1800000)
[10:18:08]        + frame rate: same as source (around 15.000 fps)
[10:18:08]      + Crop and Scale (832:624:0:144:192:0)
[10:18:08]        + source: 1024 * 768, crop (0/144/192/0): 832 * 624, scale: 832 * 624
[10:18:08]    + dimensions: 832 * 624, mod 0
[10:18:08]    + encoder: H.264 (x264)
[10:18:08]      + bitrate: 1800 kbps, pass: 1
[10:18:08]  * audio track 1
[10:18:08]    + decoder: Unknown (vorbis) (1.0 ch) (track 1, id 0x2)
[10:18:08]      + bitrate: 89 kbps, samplerate: 22050 Hz
[10:18:08]    + mixdown: Mono
[10:18:08]    + encoder: AAC (faac)
[10:18:08]      + bitrate: 96 kbps, samplerate: 22050 Hz
[10:18:08] reader: first SCR 0 id 0x1 DTS 0
[10:18:08] encx264: min-keyint: 15, keyint: 150
x264 [warning]: --psnr used with psy on: results will be invalid!
x264 [warning]: --tune psnr should be used if attempting to benchmark psnr!
x264 [info]: using cpu capabilities: MMX2 SSE2Fast SSSE3 SSE4.2 AVX XOP FMA4 FMA3 SSEMisalign LZCNT BMI1
x264 [info]: profile High, level 3.1
[10:18:08] reader: done. 1 scr changes
[10:18:09] work: average encoding speed for job is 0.000000 fps
[10:18:09] sync: got 32 frames, 153 expected
[10:18:09] render: lost time: 0 (0 frames)
[10:18:09] render: gained time: 0 (0 frames) (0 not accounted for)
[10:18:09] theora-decoder done: 32 frames, 0 decoder errors, 0 drops
x264 [info]: frame I:1     Avg QP: 0.00  size:   895  PSNR Mean Y:100.00 U:100.00 V:100.00 Avg:100.00 Global:100.00
x264 [info]: frame P:17    Avg QP:11.72  size:  2899  PSNR Mean Y:58.62 U:71.76 V:72.64 Avg:59.63 Global:58.62
x264 [info]: frame B:14    Avg QP:12.37  size:  1322  PSNR Mean Y:57.14 U:57.88 V:59.45 Avg:57.52 Global:57.43
x264 [info]: consecutive B-frames: 31.2% 31.2%  0.0% 37.5%
x264 [info]: mb I  I16..4: 100.0%  0.0%  0.0%
x264 [info]: mb P  I16..4:  8.8%  2.5%  1.4%  P16..4:  3.8%  1.2%  0.4%  0.0%  0.0%    skip:81.9%
x264 [info]: mb B  I16..4:  1.2%  0.1%  0.5%  B16..8:  5.2%  0.9%  0.2%  direct: 1.0%  skip:90.9%  L0:51.6% L1:45.4% BI: 2.9%
x264 [info]: final ratefactor: -11.21
x264 [info]: 8x8 transform intra:12.6% inter:57.6%
x264 [info]: coded y,uvDC,uvAC intra: 8.2% 24.0% 18.1% inter: 1.0% 3.6% 1.8%
x264 [info]: i16 v,h,dc,p: 64% 34%  2%  0%
x264 [info]: i8 v,h,dc,ddl,ddr,vr,hd,vl,hu:  6% 78% 14%  0%  0%  0%  1%  0%  1%
x264 [info]: i4 v,h,dc,ddl,ddr,vr,hd,vl,hu: 41% 25% 20%  2%  2%  2%  3%  3%  2%
x264 [info]: i8c dc,h,v,p: 56% 40%  4%  0%
x264 [info]: Weighted P-Frames: Y:0.0% UV:0.0%
x264 [info]: ref P L0: 72.5%  2.2% 19.1%  6.2%
x264 [info]: ref B L0: 74.7% 24.1%  1.2%
x264 [info]: ref B L1: 96.5%  3.5%
x264 [info]: SSIM Mean Y:0.9996338 (34.363db)
x264 [info]: PSNR Mean Y:58.688 U:70.628 V:71.560 Avg:59.631 Global:58.515 kb/s:53.97
[10:18:09] vorbis-decoder done: 0 frames, 0 decoder errors, 0 drops
[10:18:09] starting job
[10:18:09] work: mixdown not specified, track 1 setting mixdown Mono
[10:18:09] work: sanitizing track 1 bitrate 128 to 96 Kbps
[10:18:09] sync: expecting 32 video frames
[10:18:09] job configuration:
[10:18:09]  * source
[10:18:09]    + /tmp/PRODUCT/session.ogv
[10:18:09]    + title 1, chapter(s) 1 to 1
[10:18:09]    + container: ogg
[10:18:09]    + data rate: 126 kbps
[10:18:09]  * destination
[10:18:09]    + /tmp/PRODUCT/session.mp4
[10:18:09]    + container: MPEG-4 (.mp4 and .m4v)
[10:18:09]      + optimized for progressive web downloads
[10:18:09]  * video track
[10:18:09]    + decoder: theora
[10:18:09]    + frame rate: same as source (around 15.000 fps)
[10:18:09]    + filters
[10:18:09]      + Framerate Shaper (0:27000000:1800000)
[10:18:09]        + frame rate: same as source (around 15.000 fps)
[10:18:09]      + Crop and Scale (832:624:0:144:192:0)
[10:18:09]        + source: 1024 * 768, crop (0/144/192/0): 832 * 624, scale: 832 * 624
[10:18:09]    + dimensions: 832 * 624, mod 0
[10:18:09]    + encoder: H.264 (x264)
[10:18:09]      + bitrate: 1800 kbps, pass: 2
[10:18:09]  * audio track 1
[10:18:09]    + decoder: Unknown (vorbis) (1.0 ch) (track 1, id 0x2)
[10:18:09]      + bitrate: 89 kbps, samplerate: 22050 Hz
[10:18:09]    + mixdown: Mono
[10:18:09]    + encoder: AAC (faac)
[10:18:09]      + bitrate: 96 kbps, samplerate: 22050 Hz
[10:18:09] reader: first SCR 0 id 0x1 DTS 0
[10:18:09] encx264: min-keyint: 15, keyint: 150
x264 [warning]: --psnr used with psy on: results will be invalid!
x264 [warning]: --tune psnr should be used if attempting to benchmark psnr!
x264 [info]: using cpu capabilities: MMX2 SSE2Fast SSSE3 SSE4.2 AVX XOP FMA4 FMA3 SSEMisalign LZCNT BMI1
x264 [warning]: Error: 2pass curve failed to converge
x264 [warning]: target: 1800.00 kbit/s, expected: 516.08 kbit/s, avg QP: 0.0377
x264 [warning]: try reducing target bitrate
x264 [info]: profile High, level 3.1
[10:18:09] reader: done. 1 scr changes
[10:18:10] work: average encoding speed for job is 0.000000 fps
[10:18:10] sync: got 32 frames, 32 expected
[10:18:10] render: lost time: 0 (0 frames)
[10:18:10] render: gained time: 0 (0 frames) (0 not accounted for)
[10:18:10] theora-decoder done: 32 frames, 0 decoder errors, 0 drops
x264 [info]: frame I:1     Avg QP: 0.00  size:   922  PSNR Mean Y:100.00 U:100.00 V:100.00 Avg:100.00 Global:100.00
x264 [info]: frame P:17    Avg QP: 1.09  size:  8633  PSNR Mean Y:74.78 U:86.94 V:87.13 Avg:75.72 Global:74.01
x264 [info]: frame B:14    Avg QP: 1.86  size:  4729  PSNR Mean Y:71.25 U:71.65 V:72.62 Avg:71.49 Global:71.13
x264 [info]: consecutive B-frames: 31.2% 31.2%  0.0% 37.5%
x264 [info]: mb I  I16..4: 100.0%  0.0%  0.0%
x264 [info]: mb P  I16..4:  9.9%  1.5%  2.0%  P16..4:  3.5%  0.9%  0.7%  0.0%  0.0%    skip:81.5%
x264 [info]: mb B  I16..4:  0.8%  0.1%  0.7%  B16..8:  3.5%  1.1%  0.4%  direct: 2.1%  skip:91.3%  L0:45.4% L1:49.9% BI: 4.7%
x264 [info]: 8x8 transform intra:7.6% inter:39.7%
x264 [info]: coded y,uvDC,uvAC intra: 13.3% 23.7% 22.0% inter: 1.6% 4.9% 4.8%
x264 [info]: i16 v,h,dc,p: 60% 38%  2%  0%
x264 [info]: i8 v,h,dc,ddl,ddr,vr,hd,vl,hu: 10% 69% 19%  0%  0%  0%  1%  0%  1%
x264 [info]: i4 v,h,dc,ddl,ddr,vr,hd,vl,hu: 34% 30% 21%  2%  2%  2%  3%  3%  3%
x264 [info]: i8c dc,h,v,p: 53% 43%  4%  0%
x264 [info]: Weighted P-Frames: Y:0.0% UV:0.0%
x264 [info]: ref P L0: 87.5%  1.7%  8.5%  2.3%
x264 [info]: ref B L0: 91.3%  8.1%  0.7%
x264 [info]: ref B L1: 98.4%  1.6%
x264 [info]: SSIM Mean Y:0.9999858 (48.463db)
x264 [info]: PSNR Mean Y:74.580 U:85.599 V:85.858 Avg:75.449 Global:73.675 kb/s:168.04
[10:18:10] vorbis-decoder done: 0 frames, 0 decoder errors, 0 drops
[10:18:10] muxmp4: optimizing file
[10:18:10] mux: track 0, 32 frames, 213844 bytes, 168.82 kbps, fifo 64
[10:18:10] mux: track 1, 216 frames, 19335 bytes, 15.26 kbps, fifo 256
[10:18:10] libhb: work result = 0

Encode done!
HandBrake has exited.
[01;32m[*][0m : 
[01;34m[*][0m [cmd] ffmpeg -i /tmp/PRODUCT/session.mp4 -acodec libvorbis -ac 2 -ab 96k -ar 44100 -b:v 345k -s 1024x768 /tmp/PRODUCT/session.webm ffmpeg version 0.8.16-4:0.8.16-0ubuntu0.12.04.1, Copyright (c) 2000-2014 the Libav developers
  built on Sep 16 2014 18:33:49 with gcc 4.6.3
The ffmpeg program is only provided for script compatibility and will be removed
in a future release. It has been deprecated in the Libav project to allow for
incompatible command line syntax improvements in its replacement called avconv
(see Changelog for details). Please use avconv instead.
[mov,mp4,m4a,3gp,3g2,mj2 @ 0x10b27a0] max_analyze_duration reached

Seems stream 0 codec frame rate differs from container frame rate: 180000.00 (180000/1) -> 90000.00 (180000/2)
Input #0, mov,mp4,m4a,3gp,3g2,mj2, from '/tmp/PRODUCT/session.mp4':
  Metadata:
    major_brand     : mp42
    minor_version   : 0
    compatible_brands: mp42isomavc1
    creation_time   : 2014-11-05 10:18:09
    encoder         : HandBrake rev0 2013051899
  Duration: 00:00:10.11, start: 0.000000, bitrate: 186 kb/s
    Stream #0.0(und): Video: h264 (High), yuv420p, 832x624, 169 kb/s, 3.16 fps, 90k tbr, 90k tbn, 180k tbc
    Metadata:
      creation_time   : 2014-11-05 10:18:09
    Stream #0.1(und): Audio: aac, 22050 Hz, mono, s16, 15 kb/s
    Metadata:
      creation_time   : 2014-11-05 10:18:09
[buffer @ 0x10b5980] w:832 h:624 pixfmt:yuv420p
[scale @ 0x10ba220] w:832 h:624 fmt:yuv420p -> w:1024 h:768 fmt:yuv420p flags:0x4
[libvpx @ 0x12b4400] v1.0.0
Output #0, webm, to '/tmp/PRODUCT/session.webm':
  Metadata:
    major_brand     : mp42
    minor_version   : 0
    compatible_brands: mp42isomavc1
    creation_time   : 2014-11-05 10:18:09
    encoder         : Lavf53.21.1
    Stream #0.0(und): Video: libvpx, yuv420p, 1024x768, q=-1--1, 200 kb/s, 1k tbn, 90k tbc
    Metadata:
      creation_time   : 2014-11-05 10:18:09
    Stream #0.1(und): Audio: libvorbis, 44100 Hz, 2 channels, s16, 96 kb/s
    Metadata:
      creation_time   : 2014-11-05 10:18:09
Stream mapping:
  Stream #0.0 -> #0.0
  Stream #0.1 -> #0.1
Press ctrl-c to stop encoding
frame=    5 fps=  0 q=0.0 size=       4kB time=5.05 bitrate=   7.0kbits/s    frame=    8 fps=  6 q=0.0 size=      36kB time=8.52 bitrate=  34.9kbits/s    frame=   15 fps=  8 q=0.0 size=      36kB time=8.98 bitrate=  33.1kbits/s    frame=   21 fps=  8 q=0.0 size=      68kB time=9.38 bitrate=  59.6kbits/s    frame=   24 fps=  8 q=0.0 size=      68kB time=9.58 bitrate=  58.4kbits/s    frame=   29 fps=  8 q=0.0 size=      68kB time=9.92 bitrate=  56.4kbits/s    frame=   32 fps=  8 q=0.0 Lsize=      97kB time=10.03 bitrate=  79.2kbits/s    
video:74kB audio:15kB global headers:4kB muxing overhead 4.245313%
[01;32m[*][0m : 
[01;32m[*][0m : 
