[01;34m[*][0m [cmd] ffmpeg -version ffmpeg version 0.8.16-4:0.8.16-0ubuntu0.12.04.1, Copyright (c) 2000-2014 the Libav developers
  built on Sep 16 2014 18:33:49 with gcc 4.6.3
The ffmpeg program is only provided for script compatibility and will be removed
in a future release. It has been deprecated in the Libav project to allow for
incompatible command line syntax improvements in its replacement called avconv
(see Changelog for details). Please use avconv instead.
[01;32m[*][0m : 
[01;34m[*][0m [cmd] record_recordmydesktop [01;34m[*][0m [cmd] sleep 10 [01;34m[*][0m [cmd] recordmydesktop --width 1024 --height 768 \ --full-shots --fps 15 --channels 1 --device pulse --v_quality 63 --s_quality 10 --v_bitrate 2000000 --no-wm-check --no-cursor --output=/tmp/PRODUCT/session.ogv Initial recording window is set to:
X:0   Y:0    Width:1024    Height:768
Adjusted recording window is set to:
X:0   Y:0    Width:1024    Height:768
Initializing...
Buffer size adjusted to 4096 from 4096 frames.
Opened PCM device pulse
Recording on device pulse is set to:
1 channels at 22050Hz
Capturing!
[01;32m[*][0m : 
[01;34m[*][0m [cmd] killall recordmydesktop Shutting down.
*********************************************

Cached 13 MB, from 229 MB that were received.
Average cache compression ratio: 94.3 %

*********************************************
Saved 153 frames in a total of 152 requests
.[01;32m[*][0m : 
...
STATE:ENCODING
Encoding started!
This may take several minutes.
Pressing Ctrl-C will cancel the procedure (resuming will not be possible, but
any portion of the video, which is already encoded won't be deleted).
Please wait...
Output file: /tmp/PRODUCT/session.ogv
Encoding finished!
Wait a moment please...
   
Done.
Written 164949 bytes
(147931 of which were video data and 17018 audio data)

Cleanning up cache...
Done!!!
Goodbye!
[01;32m[*][0m : 
[01;32m[*][0m : 
[01;34m[*][0m [cmd] convert_from_ogv [01;34m[*][0m [cmd] HandBrakeCLI -i /tmp/PRODUCT/session.ogv -o /tmp/PRODUCT/session.mp4 --encoder x264 --vb 1800 --ab 128 --maxWidth $WIDTH --maxHeight $HEIGHT --two-pass --optimize [10:22:09] hb_init: starting libhb thread
HandBrake rev0 (2013051899) - Linux x86_64 - http://handbrake.fr
32 CPUs detected
Opening /tmp/PRODUCT/session.ogv...
[10:22:09] hb_scan: path=/tmp/PRODUCT/session.ogv, title_index=1
libbluray/bdnav/index_parse.c:162: indx_parse(): error opening /tmp/PRODUCT/session.ogv/BDMV/index.bdmv
libbluray/bdnav/index_parse.c:162: indx_parse(): error opening /tmp/PRODUCT/session.ogv/BDMV/BACKUP/index.bdmv
libbluray/bluray.c:1725: nav_get_title_list(/tmp/PRODUCT/session.ogv) failed (0x7f81cc000900)
[10:22:09] bd: not a bd - trying as a stream/file instead
libdvdnav: Using dvdnav version 4.1.3
libdvdread: Encrypted DVD support unavailable.
libdvdnav:DVDOpenFileUDF:UDFFindFile /VIDEO_TS/VIDEO_TS.IFO failed
libdvdnav:DVDOpenFileUDF:UDFFindFile /VIDEO_TS/VIDEO_TS.BUP failed
libdvdread: Can't open file VIDEO_TS.IFO.
libdvdnav: vm: failed to read VIDEO_TS.IFO
[10:22:09] dvd: not a dvd - trying as a stream/file instead
Input #0, ogg, from '/tmp/PRODUCT/session.ogv':
  Duration: 00:00:10.26, start: 0.000000, bitrate: 134 kb/s
    Stream #0.0: Data: skeleton
    Stream #0.1: Video: theora, yuv420p, 1024x768 [PAR 1:1 DAR 4:3], 15 tbn, 15 tbc
    Stream #0.2: Audio: vorbis, 22050 Hz, mono, fltp, 89 kb/s
[10:22:09] scan: decoding previews for title 1
[10:22:09] scan: audio 0x2: vorbis, rate=22050Hz, bitrate=89991 Unknown (vorbis) (1.0 ch)
[10:22:09] Warning: Could not read data for preview 1, skipped
[ogg @ 0x7f81cc001860] read_timestamp() failed in the middle
[ogg @ 0x7f81cc001860] read_timestamp() failed in the middle
[ogg @ 0x7f81cc001860] read_timestamp() failed in the middle
[ogg @ 0x7f81cc001860] read_timestamp() failed in the middle
[ogg @ 0x7f81cc001860] read_timestamp() failed in the middle
[ogg @ 0x7f81cc001860] read_timestamp() failed in the middle
[ogg @ 0x7f81cc001860] read_timestamp() failed in the middle
[ogg @ 0x7f81cc001860] read_timestamp() failed in the middle
[10:22:09] scan: 9 previews, 1024x768, 15.000 fps, autocrop = 0/144/192/0, aspect 4:3, PAR 1:1
[10:22:10] libhb: scan thread found 1 valid title(s)
+ title 1:
  + stream: /tmp/PRODUCT/session.ogv
  + duration: 00:00:10
  + size: 1024x768, pixel aspect: 1/1, display aspect: 1.33, 15.000 fps
  + autocrop: 0/144/192/0
  + chapters:
    + 1: cells 0->0, 0 blocks, duration 00:00:10
  + audio tracks:
    + 1, Unknown (vorbis) (1.0 ch) (iso639-2: und)
  + subtitle tracks:
[10:22:10] 2 job(s) to process
[10:22:10] starting job
[10:22:10] work: mixdown not specified, track 1 setting mixdown Mono
[10:22:10] work: sanitizing track 1 bitrate 128 to 96 Kbps
[10:22:10] sync: expecting 154 video frames
[10:22:10] job configuration:
[10:22:10]  * source
[10:22:10]    + /tmp/PRODUCT/session.ogv
[10:22:10]    + title 1, chapter(s) 1 to 1
[10:22:10]    + container: ogg
[10:22:10]    + data rate: 134 kbps
[10:22:10]  * destination
[10:22:10]    + /tmp/PRODUCT/session.mp4
[10:22:10]    + container: MPEG-4 (.mp4 and .m4v)
[10:22:10]      + optimized for progressive web downloads
[10:22:10]  * video track
[10:22:10]    + decoder: theora
[10:22:10]    + frame rate: same as source (around 15.000 fps)
[10:22:10]    + filters
[10:22:10]      + Framerate Shaper (0:27000000:1800000)
[10:22:10]        + frame rate: same as source (around 15.000 fps)
[10:22:10]      + Crop and Scale (832:624:0:144:192:0)
[10:22:10]        + source: 1024 * 768, crop (0/144/192/0): 832 * 624, scale: 832 * 624
[10:22:10]    + dimensions: 832 * 624, mod 0
[10:22:10]    + encoder: H.264 (x264)
[10:22:10]      + bitrate: 1800 kbps, pass: 1
[10:22:10]  * audio track 1
[10:22:10]    + decoder: Unknown (vorbis) (1.0 ch) (track 1, id 0x2)
[10:22:10]      + bitrate: 89 kbps, samplerate: 22050 Hz
[10:22:10]    + mixdown: Mono
[10:22:10]    + encoder: AAC (faac)
[10:22:10]      + bitrate: 96 kbps, samplerate: 22050 Hz
[10:22:10] reader: first SCR 0 id 0x1 DTS 0
[10:22:10] encx264: min-keyint: 15, keyint: 150
x264 [warning]: --psnr used with psy on: results will be invalid!
x264 [warning]: --tune psnr should be used if attempting to benchmark psnr!
x264 [info]: using cpu capabilities: MMX2 SSE2Fast SSSE3 SSE4.2 AVX XOP FMA4 FMA3 SSEMisalign LZCNT BMI1
x264 [info]: profile High, level 3.1
[10:22:10] reader: done. 1 scr changes
[10:22:10] work: average encoding speed for job is 0.000000 fps
[10:22:10] sync: got 31 frames, 154 expected
[10:22:10] render: lost time: 0 (0 frames)
[10:22:10] render: gained time: 0 (0 frames) (0 not accounted for)
[10:22:10] theora-decoder done: 31 frames, 0 decoder errors, 0 drops
x264 [info]: frame I:1     Avg QP: 0.00  size:   895  PSNR Mean Y:100.00 U:100.00 V:100.00 Avg:100.00 Global:100.00
x264 [info]: frame P:16    Avg QP:10.55  size:  2773  PSNR Mean Y:58.41 U:69.80 V:70.21 Avg:59.50 Global:58.58
x264 [info]: frame B:14    Avg QP:11.79  size:  1254  PSNR Mean Y:56.89 U:57.88 V:59.94 Avg:57.36 Global:57.19
x264 [info]: consecutive B-frames: 32.3% 19.4%  9.7% 38.7%
x264 [info]: mb I  I16..4: 100.0%  0.0%  0.0%
x264 [info]: mb P  I16..4: 10.4%  1.7%  1.4%  P16..4:  3.2%  1.0%  0.3%  0.0%  0.0%    skip:82.1%
x264 [info]: mb B  I16..4:  0.7%  0.2%  0.5%  B16..8:  4.6%  0.7%  0.2%  direct: 0.9%  skip:92.2%  L0:36.4% L1:60.6% BI: 3.0%
x264 [info]: final ratefactor: -11.76
x264 [info]: 8x8 transform intra:8.8% inter:52.3%
x264 [info]: coded y,uvDC,uvAC intra: 8.5% 23.0% 16.6% inter: 0.7% 3.0% 1.8%
x264 [info]: i16 v,h,dc,p: 58% 40%  1%  0%
x264 [info]: i8 v,h,dc,ddl,ddr,vr,hd,vl,hu:  9% 69% 19%  0%  0%  0%  1%  0%  1%
x264 [info]: i4 v,h,dc,ddl,ddr,vr,hd,vl,hu: 40% 26% 19%  2%  2%  2%  3%  2%  3%
x264 [info]: i8c dc,h,v,p: 53% 43%  3%  1%
x264 [info]: Weighted P-Frames: Y:0.0% UV:0.0%
x264 [info]: ref P L0: 75.2%  1.9% 15.9%  7.0%
x264 [info]: ref B L0: 77.3% 21.1%  1.6%
x264 [info]: ref B L1: 96.4%  3.6%
x264 [info]: SSIM Mean Y:0.9996042 (34.025db)
x264 [info]: PSNR Mean Y:58.472 U:68.855 V:69.421 Avg:59.503 Global:58.451 kb/s:49.03
[10:22:11] vorbis-decoder done: 0 frames, 0 decoder errors, 0 drops
[10:22:11] starting job
[10:22:11] work: mixdown not specified, track 1 setting mixdown Mono
[10:22:11] work: sanitizing track 1 bitrate 128 to 96 Kbps
[10:22:11] sync: expecting 31 video frames
[10:22:11] job configuration:
[10:22:11]  * source
[10:22:11]    + /tmp/PRODUCT/session.ogv
[10:22:11]    + title 1, chapter(s) 1 to 1
[10:22:11]    + container: ogg
[10:22:11]    + data rate: 134 kbps
[10:22:11]  * destination
[10:22:11]    + /tmp/PRODUCT/session.mp4
[10:22:11]    + container: MPEG-4 (.mp4 and .m4v)
[10:22:11]      + optimized for progressive web downloads
[10:22:11]  * video track
[10:22:11]    + decoder: theora
[10:22:11]    + frame rate: same as source (around 15.000 fps)
[10:22:11]    + filters
[10:22:11]      + Framerate Shaper (0:27000000:1800000)
[10:22:11]        + frame rate: same as source (around 15.000 fps)
[10:22:11]      + Crop and Scale (832:624:0:144:192:0)
[10:22:11]        + source: 1024 * 768, crop (0/144/192/0): 832 * 624, scale: 832 * 624
[10:22:11]    + dimensions: 832 * 624, mod 0
[10:22:11]    + encoder: H.264 (x264)
[10:22:11]      + bitrate: 1800 kbps, pass: 2
[10:22:11]  * audio track 1
[10:22:11]    + decoder: Unknown (vorbis) (1.0 ch) (track 1, id 0x2)
[10:22:11]      + bitrate: 89 kbps, samplerate: 22050 Hz
[10:22:11]    + mixdown: Mono
[10:22:11]    + encoder: AAC (faac)
[10:22:11]      + bitrate: 96 kbps, samplerate: 22050 Hz
[10:22:11] reader: first SCR 0 id 0x1 DTS 0
[10:22:11] encx264: min-keyint: 15, keyint: 150
x264 [warning]: --psnr used with psy on: results will be invalid!
x264 [warning]: --tune psnr should be used if attempting to benchmark psnr!
x264 [info]: using cpu capabilities: MMX2 SSE2Fast SSSE3 SSE4.2 AVX XOP FMA4 FMA3 SSEMisalign LZCNT BMI1
x264 [warning]: Error: 2pass curve failed to converge
x264 [warning]: target: 1800.00 kbit/s, expected: 461.52 kbit/s, avg QP: 0.0364
x264 [warning]: try reducing target bitrate
x264 [info]: profile High, level 3.1
[10:22:11] reader: done. 1 scr changes
[10:22:11] work: average encoding speed for job is 0.000000 fps
[10:22:11] sync: got 31 frames, 31 expected
[10:22:11] render: lost time: 0 (0 frames)
[10:22:11] render: gained time: 0 (0 frames) (0 not accounted for)
[10:22:11] theora-decoder done: 31 frames, 0 decoder errors, 0 drops
x264 [info]: frame I:1     Avg QP: 0.00  size:   922  PSNR Mean Y:100.00 U:100.00 V:100.00 Avg:100.00 Global:100.00
x264 [info]: frame P:16    Avg QP: 0.83  size:  8379  PSNR Mean Y:74.40 U:87.92 V:88.02 Avg:75.42 Global:74.05
x264 [info]: frame B:14    Avg QP: 1.58  size:  4299  PSNR Mean Y:70.80 U:71.21 V:72.09 Avg:71.03 Global:70.83
x264 [info]: consecutive B-frames: 32.3% 19.4%  9.7% 38.7%
x264 [info]: mb I  I16..4: 100.0%  0.0%  0.0%
x264 [info]: mb P  I16..4: 11.3%  1.2%  1.8%  P16..4:  3.1%  0.9%  0.7%  0.0%  0.0%    skip:80.9%
x264 [info]: mb B  I16..4:  0.5%  0.1%  0.6%  B16..8:  3.6%  0.8%  0.4%  direct: 2.6%  skip:91.4%  L0:34.1% L1:61.7% BI: 4.2%
x264 [info]: 8x8 transform intra:5.9% inter:38.8%
x264 [info]: coded y,uvDC,uvAC intra: 13.9% 20.4% 19.2% inter: 1.6% 4.6% 4.5%
x264 [info]: i16 v,h,dc,p: 55% 44%  1%  0%
x264 [info]: i8 v,h,dc,ddl,ddr,vr,hd,vl,hu: 11% 64% 20%  1%  0%  1%  1%  0%  2%
x264 [info]: i4 v,h,dc,ddl,ddr,vr,hd,vl,hu: 34% 31% 20%  2%  2%  2%  3%  2%  3%
x264 [info]: i8c dc,h,v,p: 50% 46%  4%  1%
x264 [info]: Weighted P-Frames: Y:0.0% UV:0.0%
x264 [info]: ref P L0: 88.4%  3.2%  6.7%  1.8%
x264 [info]: ref B L0: 89.2% 10.3%  0.5%
x264 [info]: ref B L1: 97.4%  2.6%
x264 [info]: SSIM Mean Y:0.9999859 (48.500db)
x264 [info]: PSNR Mean Y:74.194 U:86.452 V:86.626 Avg:75.139 Global:73.654 kb/s:152.33
[10:22:11] vorbis-decoder done: 0 frames, 0 decoder errors, 0 drops
[10:22:11] muxmp4: optimizing file
[10:22:11] mux: track 0, 31 frames, 195122 bytes, 153.04 kbps, fifo 32
[10:22:11] mux: track 1, 216 frames, 16891 bytes, 13.25 kbps, fifo 256
[10:22:11] libhb: work result = 0

Encode done!
HandBrake has exited.
[01;32m[*][0m : 
[01;34m[*][0m [cmd] ffmpeg -i /tmp/PRODUCT/session.mp4 -acodec libvorbis -ac 2 -ab 96k -ar 44100 -b:v 345k -s 1024x768 /tmp/PRODUCT/session.webm ffmpeg version 0.8.16-4:0.8.16-0ubuntu0.12.04.1, Copyright (c) 2000-2014 the Libav developers
  built on Sep 16 2014 18:33:49 with gcc 4.6.3
The ffmpeg program is only provided for script compatibility and will be removed
in a future release. It has been deprecated in the Libav project to allow for
incompatible command line syntax improvements in its replacement called avconv
(see Changelog for details). Please use avconv instead.
[mov,mp4,m4a,3gp,3g2,mj2 @ 0x1fc87a0] max_analyze_duration reached

Seems stream 0 codec frame rate differs from container frame rate: 180000.00 (180000/1) -> 90000.00 (180000/2)
Input #0, mov,mp4,m4a,3gp,3g2,mj2, from '/tmp/PRODUCT/session.mp4':
  Metadata:
    major_brand     : mp42
    minor_version   : 0
    compatible_brands: mp42isomavc1
    creation_time   : 2014-11-05 10:22:11
    encoder         : HandBrake rev0 2013051899
  Duration: 00:00:10.18, start: 0.000000, bitrate: 168 kb/s
    Stream #0.0(und): Video: h264 (High), yuv420p, 832x624, 153 kb/s, 3.04 fps, 90k tbr, 90k tbn, 180k tbc
    Metadata:
      creation_time   : 2014-11-05 10:22:11
    Stream #0.1(und): Audio: aac, 22050 Hz, mono, s16, 13 kb/s
    Metadata:
      creation_time   : 2014-11-05 10:22:11
[buffer @ 0x1fce320] w:832 h:624 pixfmt:yuv420p
[scale @ 0x1fd02a0] w:832 h:624 fmt:yuv420p -> w:1024 h:768 fmt:yuv420p flags:0x4
[libvpx @ 0x21cb860] v1.0.0
Output #0, webm, to '/tmp/PRODUCT/session.webm':
  Metadata:
    major_brand     : mp42
    minor_version   : 0
    compatible_brands: mp42isomavc1
    creation_time   : 2014-11-05 10:22:11
    encoder         : Lavf53.21.1
    Stream #0.0(und): Video: libvpx, yuv420p, 1024x768, q=-1--1, 200 kb/s, 1k tbn, 90k tbc
    Metadata:
      creation_time   : 2014-11-05 10:22:11
    Stream #0.1(und): Audio: libvorbis, 44100 Hz, 2 channels, s16, 96 kb/s
    Metadata:
      creation_time   : 2014-11-05 10:22:11
Stream mapping:
  Stream #0.0 -> #0.0
  Stream #0.1 -> #0.1
Press ctrl-c to stop encoding
frame=    4 fps=  0 q=0.0 size=       4kB time=5.32 bitrate=   6.6kbits/s    frame=    7 fps=  6 q=0.0 size=       4kB time=8.58 bitrate=   4.1kbits/s    frame=    8 fps=  5 q=0.0 size=       4kB time=8.58 bitrate=   4.1kbits/s    frame=   14 fps=  6 q=0.0 size=      36kB time=9.05 bitrate=  32.9kbits/s    frame=   19 fps=  7 q=0.0 size=      36kB time=9.38 bitrate=  31.7kbits/s    frame=   25 fps=  8 q=0.0 size=      68kB time=9.70 bitrate=  57.7kbits/s    frame=   31 fps=  8 q=0.0 Lsize=     102kB time=10.03 bitrate=  83.2kbits/s    
video:81kB audio:13kB global headers:4kB muxing overhead 3.913368%
[01;32m[*][0m : 
[01;32m[*][0m : 
