[01;34m[*][0m [cmd] /home/travis/build/brownman/tumiki-fighters/tumiki.sh cc1d: warning: command line option "-imultilib" is valid for C/C++/Fortran/ObjC/ObjC++ but not for D
cc1d: warning: command line option "-imultilib" is valid for C/C++/Fortran/ObjC/ObjC++ but not for D
cc1d: warning: command line option "-imultilib" is valid for C/C++/Fortran/ObjC/ObjC++ but not for D
cc1d: warning: command line option "-imultilib" is valid for C/C++/Fortran/ObjC/ObjC++ but not for D
cc1d: warning: command line option "-imultilib" is valid for C/C++/Fortran/ObjC/ObjC++ but not for D
cc1d: warning: command line option "-imultilib" is valid for C/C++/Fortran/ObjC/ObjC++ but not for D
cc1d: warning: command line option "-imultilib" is valid for C/C++/Fortran/ObjC/ObjC++ but not for D
cc1d: warning: command line option "-imultilib" is valid for C/C++/Fortran/ObjC/ObjC++ but not for D
cc1d: warning: command line option "-imultilib" is valid for C/C++/Fortran/ObjC/ObjC++ but not for D
cc1d: warning: command line option "-imultilib" is valid for C/C++/Fortran/ObjC/ObjC++ but not for D
cc1d: warning: command line option "-imultilib" is valid for C/C++/Fortran/ObjC/ObjC++ but not for D
cc1d: warning: command line option "-imultilib" is valid for C/C++/Fortran/ObjC/ObjC++ but not for D
cc1d: warning: command line option "-imultilib" is valid for C/C++/Fortran/ObjC/ObjC++ but not for D
cc1d: warning: command line option "-imultilib" is valid for C/C++/Fortran/ObjC/ObjC++ but not for D
cc1d: warning: command line option "-imultilib" is valid for C/C++/Fortran/ObjC/ObjC++ but not for D
cc1d: warning: command line option "-imultilib" is valid for C/C++/Fortran/ObjC/ObjC++ but not for D
cc1d: warning: command line option "-imultilib" is valid for C/C++/Fortran/ObjC/ObjC++ but not for D
cc1d: warning: command line option "-imultilib" is valid for C/C++/Fortran/ObjC/ObjC++ but not for D
cc1d: warning: command line option "-imultilib" is valid for C/C++/Fortran/ObjC/ObjC++ but not for D
cc1d: warning: command line option "-imultilib" is valid for C/C++/Fortran/ObjC/ObjC++ but not for D
cc1d: warning: command line option "-imultilib" is valid for C/C++/Fortran/ObjC/ObjC++ but not for D
cc1d: warning: command line option "-imultilib" is valid for C/C++/Fortran/ObjC/ObjC++ but not for D
cc1d: warning: command line option "-imultilib" is valid for C/C++/Fortran/ObjC/ObjC++ but not for D
cc1d: warning: command line option "-imultilib" is valid for C/C++/Fortran/ObjC/ObjC++ but not for D
cc1d: warning: command line option "-imultilib" is valid for C/C++/Fortran/ObjC/ObjC++ but not for D
cc1d: warning: command line option "-imultilib" is valid for C/C++/Fortran/ObjC/ObjC++ but not for D
cc1d: warning: command line option "-imultilib" is valid for C/C++/Fortran/ObjC/ObjC++ but not for D
cc1d: warning: command line option "-imultilib" is valid for C/C++/Fortran/ObjC/ObjC++ but not for D
cc1d: warning: command line option "-imultilib" is valid for C/C++/Fortran/ObjC/ObjC++ but not for D
cc1d: warning: command line option "-imultilib" is valid for C/C++/Fortran/ObjC/ObjC++ but not for D
cc1d: warning: command line option "-imultilib" is valid for C/C++/Fortran/ObjC/ObjC++ but not for D
cc1d: warning: command line option "-imultilib" is valid for C/C++/Fortran/ObjC/ObjC++ but not for D
cc1d: warning: command line option "-imultilib" is valid for C/C++/Fortran/ObjC/ObjC++ but not for D
cc1d: warning: command line option "-imultilib" is valid for C/C++/Fortran/ObjC/ObjC++ but not for D
cc1d: warning: command line option "-imultilib" is valid for C/C++/Fortran/ObjC/ObjC++ but not for D
cc1d: warning: command line option "-imultilib" is valid for C/C++/Fortran/ObjC/ObjC++ but not for D
cc1d: warning: command line option "-imultilib" is valid for C/C++/Fortran/ObjC/ObjC++ but not for D
cc1d: warning: command line option "-imultilib" is valid for C/C++/Fortran/ObjC/ObjC++ but not for D
cc1d: warning: command line option "-imultilib" is valid for C/C++/Fortran/ObjC/ObjC++ but not for D
cc1d: warning: command line option "-imultilib" is valid for C/C++/Fortran/ObjC/ObjC++ but not for D
cc1d: warning: command line option "-imultilib" is valid for C/C++/Fortran/ObjC/ObjC++ but not for D
cc1d: warning: command line option "-imultilib" is valid for C/C++/Fortran/ObjC/ObjC++ but not for D
cc1d: warning: command line option "-imultilib" is valid for C/C++/Fortran/ObjC/ObjC++ but not for D
cc1d: warning: command line option "-imultilib" is valid for C/C++/Fortran/ObjC/ObjC++ but not for D
cc1d: warning: command line option "-imultilib" is valid for C/C++/Fortran/ObjC/ObjC++ but not for D
cc1d: warning: command line option "-imultilib" is valid for C/C++/Fortran/ObjC/ObjC++ but not for D
cc1d: warning: command line option "-imultilib" is valid for C/C++/Fortran/ObjC/ObjC++ but not for D
cc1d: warning: command line option "-imultilib" is valid for C/C++/Fortran/ObjC/ObjC++ but not for D
cc1d: warning: command line option "-imultilib" is valid for C/C++/Fortran/ObjC/ObjC++ but not for D
[01;32m[*][0m : 
[01;34m[*][0m [cmd] /home/travis/build/brownman/tumiki-fighters/tumiki-fighters -fullscreen open /dev/sequencer or /dev/snd/seq: No such file or directory
Info: Load BulletML: move/bit.xml
Info: Load BulletML: move/toup.xml
Info: Load BulletML: move/toleft.xml
Info: Load BulletML: move/str.xml
Info: Load BulletML: move/back.xml
Info: Load BulletML: move/toright.xml
Info: Load BulletML: move/slowdown.xml
Info: Load BulletML: basic/nway_hard.xml
Info: Load BulletML: basic/wedge.xml
Info: Load BulletML: basic/rand_speed_side.xml
Info: Load BulletML: basic/sideway_slow.xml
Info: Load BulletML: basic/noaim_rev.xml
Info: Load BulletML: basic/rand_speed.xml
Info: Load BulletML: basic/fan_weak.xml
Info: Load BulletML: basic/bar_accel_weak.xml
Info: Load BulletML: basic/side1way_fix04.xml
Info: Load BulletML: basic/bar.xml
Info: Load BulletML: basic/rand.xml
Info: Load BulletML: basic/whip.xml
Info: Load BulletML: basic/bar_accel.xml
Info: Load BulletML: basic/3way_narrow.xml
Info: Load BulletML: basic/nway_side.xml
Info: Load BulletML: basic/nway_fast.xml
Info: Load BulletML: basic/nway_slow.xml
Info: Load BulletML: basic/whip_fix.xml
Info: Load BulletML: basic/fan.xml
Info: Load BulletML: basic/2way_wide.xml
Info: Load BulletML: basic/shot.xml
Info: Load BulletML: basic/aim.xml
Info: Load BulletML: basic/3way.xml
Info: Load BulletML: basic/twin.xml
Info: Load BulletML: basic/side1way.xml
Info: Load BulletML: basic/nway.xml
Info: Load BulletML: basic/2way.xml
Info: Load BulletML: basic/noaim.xml
Info: Load BulletML: technical/round_change_straight.xml
Info: Load BulletML: technical/bit.xml
Info: Load BulletML: technical/single_winder_fix.xml
Info: Load BulletML: technical/narrowing_winder.xml
Info: Load BulletML: technical/single_winder_sparse.xml
Info: Load BulletML: technical/roundshot.xml
Info: Load BulletML: technical/single_winder.xml
Info: Load BulletML: technical/single_winder_fromside_rev.xml
Info: Load BulletML: technical/single_winder_fromside.xml
Info: Load BulletML: spread/round.xml
Info: Load BulletML: spread/rand.xml
Info: Load BulletML: spread/roll3way.xml
Info: Load BulletML: spread/squirt.xml
Info: Load BulletML: spread/roll2.xml
Info: Load BulletML: spread/roll1.xml
Info: Load BulletML: spread/roll1_fixdeg.xml
Info: Load BulletML: spread/shotgun.xml
Info: Load BulletML: change/slowfixed.xml
Info: Load BulletML: change/fast.xml
Info: Load BulletML: change/slow.xml
Info: Load BulletML: change/slowback.xml
Info: Load BulletML: change/speed_rnd.xml
Info: Load BulletML: change/stop.xml
Info: Load BulletML: change/slowstop.xml
Info: Load BulletML: change/straight_rnd.xml
Info: Load BulletML: change/0to1.xml
Info: Load BulletML: change/downaccel.xml
Info: Load BulletML: change/slowdown.xml
Info: Load BulletML: shot/vertical.xml
Info: Load BulletML: shot/slowaim.xml
Info: Load BulletML: shot/side_seq.xml
Info: Load BulletML: shot/aim.xml
Info: Load BulletML: shot/side.xml
Info: Load BulletML: shot/side_rnd.xml
Info: Load field: 1
Info: Load tumiki set: field/o11.tmk
Info: Load tumiki set: field/o12.tmk
Info: Load tumiki set: field/o13.tmk
Info: Load tumiki set: field/o14.tmk
Info: Load tumiki set: field/o15.tmk
Info: Load tumiki set: small/s1.tmk
Info: Load tumiki set: middle/b1m.tmk
Info: Load field: 2
Info: Load tumiki set: field/o23.tmk
Info: Load tumiki set: field/o24.tmk
Info: Load tumiki set: field/o22.tmk
Info: Load tumiki set: field/o21.tmk
Info: Load tumiki set: field/o25.tmk
Info: Load tumiki set: small/s3.tmk
Info: Load tumiki set: middle/b3m.tmk
Info: Load field: 3
Info: Load tumiki set: field/o34.tmk
Info: Load tumiki set: field/o35.tmk
Info: Load tumiki set: field/o36.tmk
Info: Load tumiki set: field/o362.tmk
Info: Load tumiki set: field/o37.tmk
Info: Load tumiki set: field/o372.tmk
Info: Load tumiki set: field/o31.tmk
Info: Load tumiki set: field/o33.tmk
Info: Load tumiki set: field/o32.tmk
Info: Load tumiki set: middle/m4m.tmk
Info: Load field: 4
Info: Load tumiki set: field/o43.tmk
Info: Load tumiki set: field/o41.tmk
Info: Load tumiki set: field/o42.tmk
Info: Load tumiki set: middle/b7m.tmk
Info: Load tumiki set: small/s5.tmk
Info: Load field: 5
Info: Load tumiki set: field/o51.tmk
Info: Load tumiki set: field/o52.tmk
Info: Load tumiki set: field/o53.tmk
Info: Load tumiki set: small/s2.tmk
Info: Load tumiki set: middle/b2m.tmk
Info: Load fields completed.
Info: Load tumiki set: myship/ship.tmk
Info: Load stage: 1
Info: Load enemy spec: middle/m1.enm
Info: Load tumiki set: middle/m1m.tmk
Info: Load tumiki set: middle/m1p1.tmk
Info: Load enemy spec: small/s1.enm
Info: Load enemy spec: small/s2.enm
Info: Load enemy spec: middle/b1.enm
Info: Load tumiki set: middle/b1p1.tmk
Info: Load enemy spec: boss/m1.enm
Info: Load tumiki set: boss/m1m.tmk
Info: Load tumiki set: boss/m1p2.tmk
Info: Load tumiki set: boss/m1p22.tmk
Info: Load tumiki set: boss/m1p1.tmk
Info: Load enemy spec: middle/b2.enm
Info: Load enemy spec: boss/b1.enm
Info: Load tumiki set: boss/b1m.tmk
Info: Load tumiki set: boss/b1p3.tmk
Info: Load tumiki set: boss/b1p32.tmk
Info: Load tumiki set: boss/b1p1.tmk
Info: Load tumiki set: boss/b1p2.tmk
Info: Load stage: 2
Info: Load enemy spec: middle/b3.enm
Info: Load tumiki set: middle/b3p1.tmk
Info: Load enemy spec: small/s3.enm
Info: Load enemy spec: middle/m2.enm
Info: Load tumiki set: middle/m2m.tmk
Info: Load tumiki set: middle/m2p1.tmk
Info: Load tumiki set: middle/m2p12.tmk
Info: Load enemy spec: boss/m2.enm
Info: Load tumiki set: boss/m2m.tmk
Info: Load tumiki set: boss/m2p1.tmk
Info: Load enemy spec: middle/m3.enm
Info: Load tumiki set: middle/m3m.tmk
Info: Load tumiki set: middle/m3p1.tmk
Info: Load tumiki set: middle/m3p12.tmk
Info: Load enemy spec: middle/b4.enm
Info: Load tumiki set: middle/b4m.tmk
Info: Load tumiki set: middle/b4p1.tmk
Info: Load enemy spec: boss/b2.enm
Info: Load tumiki set: boss/b2m.tmk
Info: Load tumiki set: boss/b2p1.tmk
Info: Load tumiki set: boss/b2p2.tmk
Info: Load stage: 3
Info: Load enemy spec: middle/m4.enm
Info: Load tumiki set: middle/m4p1.tmk
Info: Load enemy spec: small/s4.enm
Info: Load tumiki set: small/s4.tmk
Info: Load enemy spec: middle/b6.enm
Info: Load tumiki set: middle/b6m.tmk
Info: Load tumiki set: middle/b6p1.tmk
Info: Load tumiki set: middle/b6p12.tmk
Info: Load enemy spec: middle/b5.enm
Info: Load tumiki set: middle/b5m.tmk
Info: Load tumiki set: middle/b5p1.tmk
Info: Load enemy spec: boss/m3.enm
Info: Load tumiki set: boss/m3m.tmk
Info: Load tumiki set: boss/m3p1.tmk
Info: Load tumiki set: boss/m3p12.tmk
Info: Load tumiki set: boss/m3p13.tmk
Info: Load tumiki set: boss/m3p14.tmk
Info: Load enemy spec: boss/b3.enm
Info: Load tumiki set: boss/b3m.tmk
Info: Load tumiki set: boss/b3p1.tmk
Info: Load tumiki set: boss/b3p2.tmk
Info: Load stage: 4
Info: Load enemy spec: small/s5.enm
Info: Load enemy spec: middle/b7.enm
Info: Load enemy spec: middle/m5.enm
Info: Load tumiki set: middle/m5m.tmk
Info: Load tumiki set: middle/m5p1.tmk
Info: Load tumiki set: middle/m5p12.tmk
Info: Load enemy spec: boss/m4.enm
Info: Load tumiki set: boss/m4m.tmk
Info: Load tumiki set: boss/m4p1.tmk
Info: Load tumiki set: boss/m4p12.tmk
Info: Load enemy spec: boss/b4.enm
Info: Load tumiki set: boss/b4m.tmk
Info: Load tumiki set: boss/b4p1.tmk
Info: Load tumiki set: boss/b4p2.tmk
Info: Load tumiki set: boss/b4p3.tmk
Info: Load tumiki set: boss/b4p4.tmk
Info: Load stage: 5
Info: Load enemy spec: middle/m6.enm
Info: Load tumiki set: middle/m1p3.tmk
Info: Load tumiki set: middle/m1p2.tmk
Info: Load enemy spec: small/s6.enm
Info: Load tumiki set: small/s6.tmk
Info: Load enemy spec: boss/m512.enm
Info: Load tumiki set: boss/m512m.tmk
Info: Load enemy spec: boss/m51.enm
Info: Load tumiki set: boss/m51m.tmk
Info: Load enemy spec: middle/b8.enm
Info: Load tumiki set: middle/b1p2.tmk
Info: Load enemy spec: boss/m52.enm
Info: Load tumiki set: boss/m52m.tmk
Info: Load enemy spec: boss/m522.enm
Info: Load tumiki set: boss/m522m.tmk
Info: Load enemy spec: boss/b5.enm
Info: Load tumiki set: boss/b5m.tmk
Info: Load tumiki set: boss/b5p2.tmk
Info: Load tumiki set: boss/b5p22.tmk
Info: Load tumiki set: boss/b5p1.tmk
Info: Load stages completed.
