[01;34m[*][0m [cmd] ffmpeg -version ffmpeg version 0.8.16-4:0.8.16-0ubuntu0.12.04.1, Copyright (c) 2000-2014 the Libav developers
  built on Sep 16 2014 18:33:49 with gcc 4.6.3
The ffmpeg program is only provided for script compatibility and will be removed
in a future release. It has been deprecated in the Libav project to allow for
incompatible command line syntax improvements in its replacement called avconv
(see Changelog for details). Please use avconv instead.
[01;32m[*][0m : 
[01;34m[*][0m [cmd] record_recordmydesktop [01;34m[*][0m [cmd] recordmydesktop --width 1024 --height 768 \ --full-shots --fps 15 --channels 1 --device pulse --v_quality 63 --s_quality 10 --v_bitrate 2000000 --no-wm-check --no-cursor --output=/tmp/PRODUCT/session.ogv [01;34m[*][0m [cmd] sleep 10 Initial recording window is set to:
X:0   Y:0    Width:1024    Height:768
Adjusted recording window is set to:
X:0   Y:0    Width:1024    Height:768
Initializing...
Buffer size adjusted to 4096 from 4096 frames.
Opened PCM device pulse
Recording on device pulse is set to:
1 channels at 22050Hz
Capturing!
[01;32m[*][0m : 
[01;34m[*][0m [cmd] killall recordmydesktop Shutting down.
*********************************************

Cached 10 MB, from 231 MB that were received.
Average cache compression ratio: 95.6 %

*********************************************
Saved 154 frames in a total of 153 requests
...[01;32m[*][0m : 
.
STATE:ENCODING
Encoding started!
This may take several minutes.
Pressing Ctrl-C will cancel the procedure (resuming will not be possible, but
any portion of the video, which is already encoded won't be deleted).
Please wait...
Output file: /tmp/PRODUCT/session.ogv
Encoding finished!
Wait a moment please...
   
Done.
Written 105694 bytes
(95205 of which were video data and 10489 audio data)

Cleanning up cache...
Done!!!
Goodbye!
[01;32m[*][0m : 
[01;32m[*][0m : 
[01;34m[*][0m [cmd] convert_from_ogv [01;34m[*][0m [cmd] HandBrakeCLI -i /tmp/PRODUCT/session.ogv -o /tmp/PRODUCT/session.mp4 --encoder x264 --vb 1800 --ab 128 --maxWidth $WIDTH --maxHeight $HEIGHT --two-pass --optimize [10:29:07] hb_init: starting libhb thread
HandBrake rev0 (2013051899) - Linux x86_64 - http://handbrake.fr
32 CPUs detected
Opening /tmp/PRODUCT/session.ogv...
[10:29:07] hb_scan: path=/tmp/PRODUCT/session.ogv, title_index=1
libbluray/bdnav/index_parse.c:162: indx_parse(): error opening /tmp/PRODUCT/session.ogv/BDMV/index.bdmv
libbluray/bdnav/index_parse.c:162: indx_parse(): error opening /tmp/PRODUCT/session.ogv/BDMV/BACKUP/index.bdmv
libbluray/bluray.c:1725: nav_get_title_list(/tmp/PRODUCT/session.ogv) failed (0x7f592c000900)
[10:29:07] bd: not a bd - trying as a stream/file instead
libdvdnav: Using dvdnav version 4.1.3
libdvdread: Encrypted DVD support unavailable.
libdvdnav:DVDOpenFileUDF:UDFFindFile /VIDEO_TS/VIDEO_TS.IFO failed
libdvdnav:DVDOpenFileUDF:UDFFindFile /VIDEO_TS/VIDEO_TS.BUP failed
libdvdread: Can't open file VIDEO_TS.IFO.
libdvdnav: vm: failed to read VIDEO_TS.IFO
[10:29:07] dvd: not a dvd - trying as a stream/file instead
Input #0, ogg, from '/tmp/PRODUCT/session.ogv':
  Duration: 00:00:10.33, start: 0.000000, bitrate: 87 kb/s
    Stream #0.0: Data: skeleton
    Stream #0.1: Video: theora, yuv420p, 1024x768 [PAR 1:1 DAR 4:3], 15 tbn, 15 tbc
    Stream #0.2: Audio: vorbis, 22050 Hz, mono, fltp, 89 kb/s
[10:29:07] scan: decoding previews for title 1
[10:29:07] scan: audio 0x2: vorbis, rate=22050Hz, bitrate=89991 Unknown (vorbis) (1.0 ch)
[10:29:07] Warning: Could not read data for preview 3, skipped
[10:29:07] Warning: Could not read data for preview 4, skipped
[10:29:07] Warning: Could not read data for preview 5, skipped
[10:29:07] Warning: Could not read data for preview 6, skipped
[10:29:07] Warning: Could not read data for preview 7, skipped
[10:29:07] Warning: Could not read data for preview 8, skipped
[10:29:07] Warning: Could not read data for preview 9, skipped
[ogg @ 0x7f592c001860] read_timestamp() failed in the middle
ERROR: avformat_seek_file failed
[10:29:07] Warning: Could not read data for preview 10, skipped
[10:29:07] scan: 2 previews, 1024x768, 15.000 fps, autocrop = 0/0/0/0, aspect 4:3, PAR 1:1
[10:29:07] libhb: scan thread found 1 valid title(s)
+ title 1:
  + stream: /tmp/PRODUCT/session.ogv
  + duration: 00:00:10
  + size: 1024x768, pixel aspect: 1/1, display aspect: 1.33, 15.000 fps
  + autocrop: 0/0/0/0
  + chapters:
    + 1: cells 0->0, 0 blocks, duration 00:00:10
  + audio tracks:
    + 1, Unknown (vorbis) (1.0 ch) (iso639-2: und)
  + subtitle tracks:
[10:29:07] 2 job(s) to process
[10:29:07] starting job
[10:29:07] work: mixdown not specified, track 1 setting mixdown Mono
[10:29:07] work: sanitizing track 1 bitrate 128 to 96 Kbps
[10:29:07] sync: expecting 154 video frames
[10:29:07] job configuration:
[10:29:07]  * source
[10:29:07]    + /tmp/PRODUCT/session.ogv
[10:29:07]    + title 1, chapter(s) 1 to 1
[10:29:07]    + container: ogg
[10:29:07]    + data rate: 87 kbps
[10:29:07]  * destination
[10:29:07]    + /tmp/PRODUCT/session.mp4
[10:29:07]    + container: MPEG-4 (.mp4 and .m4v)
[10:29:07]      + optimized for progressive web downloads
[10:29:07]  * video track
[10:29:07]    + decoder: theora
[10:29:07]    + frame rate: same as source (around 15.000 fps)
[10:29:07]    + filters
[10:29:07]      + Framerate Shaper (0:27000000:1800000)
[10:29:07]        + frame rate: same as source (around 15.000 fps)
[10:29:07]      + Crop and Scale (1024:768:0:0:0:0)
[10:29:07]        + source: 1024 * 768, crop (0/0/0/0): 1024 * 768, scale: 1024 * 768
[10:29:07]    + dimensions: 1024 * 768, mod 0
[10:29:07]    + encoder: H.264 (x264)
[10:29:07]      + bitrate: 1800 kbps, pass: 1
[10:29:07]  * audio track 1
[10:29:07]    + decoder: Unknown (vorbis) (1.0 ch) (track 1, id 0x2)
[10:29:07]      + bitrate: 89 kbps, samplerate: 22050 Hz
[10:29:07]    + mixdown: Mono
[10:29:07]    + encoder: AAC (faac)
[10:29:07]      + bitrate: 96 kbps, samplerate: 22050 Hz
[10:29:07] reader: first SCR 0 id 0x1 DTS 0
[10:29:07] encx264: min-keyint: 15, keyint: 150
x264 [warning]: --psnr used with psy on: results will be invalid!
x264 [warning]: --tune psnr should be used if attempting to benchmark psnr!
x264 [info]: using cpu capabilities: MMX2 SSE2Fast SSSE3 SSE4.2 AVX XOP FMA4 FMA3 SSEMisalign LZCNT BMI1
x264 [info]: profile High, level 3.1
[10:29:07] reader: done. 1 scr changes
[10:29:08] work: average encoding speed for job is 0.000000 fps
[10:29:08] sync: got 23 frames, 154 expected
[10:29:08] render: lost time: 0 (0 frames)
[10:29:08] render: gained time: 0 (0 frames) (0 not accounted for)
[10:29:08] theora-decoder done: 23 frames, 0 decoder errors, 0 drops
x264 [info]: frame I:1     Avg QP: 0.00  size:   941  PSNR Mean Y:100.00 U:100.00 V:100.00 Avg:100.00 Global:100.00
x264 [info]: frame P:8     Avg QP:12.59  size:  2952  PSNR Mean Y:57.36 U:57.56 V:57.20 Avg:57.28 Global:57.19
x264 [info]: frame B:14    Avg QP:12.98  size:   886  PSNR Mean Y:60.05 U:67.01 V:66.79 Avg:61.33 Global:60.81
x264 [info]: consecutive B-frames: 13.0% 17.4%  0.0% 69.6%
x264 [info]: mb I  I16..4: 100.0%  0.0%  0.0%
x264 [info]: mb P  I16..4:  7.6%  1.3%  1.2%  P16..4:  1.0%  0.3%  0.1%  0.0%  0.0%    skip:88.5%
x264 [info]: mb B  I16..4:  0.2%  0.0%  0.4%  B16..8:  1.9%  0.3%  0.1%  direct: 0.4%  skip:96.8%  L0:53.9% L1:43.4% BI: 2.7%
x264 [info]: final ratefactor: -13.64
x264 [info]: 8x8 transform intra:5.6% inter:38.2%
x264 [info]: coded y,uvDC,uvAC intra: 6.7% 9.8% 8.5% inter: 0.2% 0.9% 0.5%
x264 [info]: i16 v,h,dc,p: 81% 17%  1%  0%
x264 [info]: i8 v,h,dc,ddl,ddr,vr,hd,vl,hu:  5% 78% 10%  0%  1%  0%  3%  1%  2%
x264 [info]: i4 v,h,dc,ddl,ddr,vr,hd,vl,hu: 43% 22% 20%  2%  2%  3%  3%  2%  2%
x264 [info]: i8c dc,h,v,p: 75% 20%  4%  0%
x264 [info]: Weighted P-Frames: Y:0.0% UV:0.0%
x264 [info]: ref P L0: 79.5%  1.5% 15.3%  3.7%
x264 [info]: ref B L0: 81.0% 16.8%  2.3%
x264 [info]: ref B L1: 98.2%  1.8%
x264 [info]: SSIM Mean Y:0.9996693 (34.806db)
x264 [info]: PSNR Mean Y:59.178 U:63.441 V:63.164 Avg:59.918 Global:59.024 kb/s:28.66
[10:29:08] vorbis-decoder done: 0 frames, 0 decoder errors, 0 drops
[10:29:08] starting job
[10:29:08] work: mixdown not specified, track 1 setting mixdown Mono
[10:29:08] work: sanitizing track 1 bitrate 128 to 96 Kbps
[10:29:08] sync: expecting 23 video frames
[10:29:08] job configuration:
[10:29:08]  * source
[10:29:08]    + /tmp/PRODUCT/session.ogv
[10:29:08]    + title 1, chapter(s) 1 to 1
[10:29:08]    + container: ogg
[10:29:08]    + data rate: 87 kbps
[10:29:08]  * destination
[10:29:08]    + /tmp/PRODUCT/session.mp4
[10:29:08]    + container: MPEG-4 (.mp4 and .m4v)
[10:29:08]      + optimized for progressive web downloads
[10:29:08]  * video track
[10:29:08]    + decoder: theora
[10:29:08]    + frame rate: same as source (around 15.000 fps)
[10:29:08]    + filters
[10:29:08]      + Framerate Shaper (0:27000000:1800000)
[10:29:08]        + frame rate: same as source (around 15.000 fps)
[10:29:08]      + Crop and Scale (1024:768:0:0:0:0)
[10:29:08]        + source: 1024 * 768, crop (0/0/0/0): 1024 * 768, scale: 1024 * 768
[10:29:08]    + dimensions: 1024 * 768, mod 0
[10:29:08]    + encoder: H.264 (x264)
[10:29:08]      + bitrate: 1800 kbps, pass: 2
[10:29:08]  * audio track 1
[10:29:08]    + decoder: Unknown (vorbis) (1.0 ch) (track 1, id 0x2)
[10:29:08]      + bitrate: 89 kbps, samplerate: 22050 Hz
[10:29:08]    + mixdown: Mono
[10:29:08]    + encoder: AAC (faac)
[10:29:08]      + bitrate: 96 kbps, samplerate: 22050 Hz
[10:29:08] reader: first SCR 0 id 0x1 DTS 0
[10:29:08] encx264: min-keyint: 15, keyint: 150
x264 [warning]: --psnr used with psy on: results will be invalid!
x264 [warning]: --tune psnr should be used if attempting to benchmark psnr!
x264 [info]: using cpu capabilities: MMX2 SSE2Fast SSSE3 SSE4.2 AVX XOP FMA4 FMA3 SSEMisalign LZCNT BMI1
x264 [warning]: Error: 2pass curve failed to converge
x264 [warning]: target: 1800.00 kbit/s, expected: 340.26 kbit/s, avg QP: 0.0312
x264 [warning]: try reducing target bitrate
x264 [info]: profile High, level 3.1
[10:29:08] reader: done. 1 scr changes
[10:29:09] work: average encoding speed for job is 0.000000 fps
[10:29:09] sync: got 23 frames, 23 expected
[10:29:09] render: lost time: 0 (0 frames)
[10:29:09] render: gained time: 0 (0 frames) (0 not accounted for)
[10:29:09] theora-decoder done: 23 frames, 0 decoder errors, 0 drops
x264 [info]: frame I:1     Avg QP: 0.00  size:   968  PSNR Mean Y:100.00 U:100.00 V:100.00 Avg:100.00 Global:100.00
x264 [info]: frame P:8     Avg QP: 1.73  size:  8492  PSNR Mean Y:70.20 U:70.12 V:70.03 Avg:70.12 Global:69.69
x264 [info]: frame B:14    Avg QP: 2.23  size:  3667  PSNR Mean Y:74.34 U:96.75 V:84.12 Avg:75.81 Global:75.36
x264 [info]: consecutive B-frames: 13.0% 17.4%  0.0% 69.6%
x264 [info]: mb I  I16..4: 100.0%  0.0%  0.0%
x264 [info]: mb P  I16..4:  8.3%  0.3%  1.7%  P16..4:  1.5%  0.3%  0.2%  0.0%  0.0%    skip:87.6%
x264 [info]: mb B  I16..4:  0.0%  0.0%  0.4%  B16..8:  1.7%  0.4%  0.2%  direct: 1.9%  skip:95.3%  L0:51.3% L1:43.9% BI: 4.8%
x264 [info]: 8x8 transform intra:1.6% inter:36.6%
x264 [info]: coded y,uvDC,uvAC intra: 11.4% 10.4% 9.6% inter: 0.5% 2.5% 2.4%
x264 [info]: i16 v,h,dc,p: 78% 20%  1%  0%
x264 [info]: i8 v,h,dc,ddl,ddr,vr,hd,vl,hu: 13% 44% 28%  1%  2%  1%  7%  1%  5%
x264 [info]: i4 v,h,dc,ddl,ddr,vr,hd,vl,hu: 37% 27% 19%  3%  2%  3%  3%  3%  3%
x264 [info]: i8c dc,h,v,p: 74% 22%  4%  0%
x264 [info]: Weighted P-Frames: Y:0.0% UV:0.0%
x264 [info]: ref P L0: 88.4%  7.6%  3.1%  0.9%
x264 [info]: ref B L0: 89.3%  9.8%  0.9%
x264 [info]: ref B L1: 99.2%  0.8%
x264 [info]: SSIM Mean Y:0.9999805 (47.102db)
x264 [info]: PSNR Mean Y:72.831 U:86.267 V:78.643 Avg:73.683 Global:72.232 kb/s:93.25
[10:29:09] vorbis-decoder done: 0 frames, 0 decoder errors, 0 drops
[10:29:09] muxmp4: optimizing file
[10:29:09] mux: track 0, 23 frames, 120202 bytes, 93.66 kbps, fifo 32
[10:29:09] mux: track 1, 218 frames, 11297 bytes, 8.80 kbps, fifo 256
[10:29:09] libhb: work result = 0

Encode done!
HandBrake has exited.
[01;32m[*][0m : 
[01;34m[*][0m [cmd] ffmpeg -i /tmp/PRODUCT/session.mp4 -acodec libvorbis -ac 2 -ab 96k -ar 44100 -b:v 345k -s 1024x768 /tmp/PRODUCT/session.webm ffmpeg version 0.8.16-4:0.8.16-0ubuntu0.12.04.1, Copyright (c) 2000-2014 the Libav developers
  built on Sep 16 2014 18:33:49 with gcc 4.6.3
The ffmpeg program is only provided for script compatibility and will be removed
in a future release. It has been deprecated in the Libav project to allow for
incompatible command line syntax improvements in its replacement called avconv
(see Changelog for details). Please use avconv instead.
[mov,mp4,m4a,3gp,3g2,mj2 @ 0xd397a0] max_analyze_duration reached

Seems stream 0 codec frame rate differs from container frame rate: 180000.00 (180000/1) -> 90000.00 (180000/2)
Input #0, mov,mp4,m4a,3gp,3g2,mj2, from '/tmp/PRODUCT/session.mp4':
  Metadata:
    major_brand     : mp42
    minor_version   : 0
    compatible_brands: mp42isomavc1
    creation_time   : 2014-11-05 10:29:08
    encoder         : HandBrake rev0 2013051899
  Duration: 00:00:10.31, start: 0.000000, bitrate: 104 kb/s
    Stream #0.0(und): Video: h264 (High), yuv420p, 1024x768, 93 kb/s, 2.23 fps, 90k tbr, 90k tbn, 180k tbc
    Metadata:
      creation_time   : 2014-11-05 10:29:08
    Stream #0.1(und): Audio: aac, 22050 Hz, mono, s16, 8 kb/s
    Metadata:
      creation_time   : 2014-11-05 10:29:08
[buffer @ 0xd3ca60] w:1024 h:768 pixfmt:yuv420p
[libvpx @ 0xd40b00] v1.0.0
Output #0, webm, to '/tmp/PRODUCT/session.webm':
  Metadata:
    major_brand     : mp42
    minor_version   : 0
    compatible_brands: mp42isomavc1
    creation_time   : 2014-11-05 10:29:08
    encoder         : Lavf53.21.1
    Stream #0.0(und): Video: libvpx, yuv420p, 1024x768, q=-1--1, 200 kb/s, 1k tbn, 90k tbc
    Metadata:
      creation_time   : 2014-11-05 10:29:08
    Stream #0.1(und): Audio: libvorbis, 44100 Hz, 2 channels, s16, 96 kb/s
    Metadata:
      creation_time   : 2014-11-05 10:29:08
Stream mapping:
  Stream #0.0 -> #0.0
  Stream #0.1 -> #0.1
Press ctrl-c to stop encoding
frame=    5 fps=  0 q=0.0 size=       4kB time=5.52 bitrate=   6.4kbits/s    frame=    8 fps=  5 q=0.0 size=       4kB time=9.25 bitrate=   3.8kbits/s    frame=   13 fps=  6 q=0.0 size=      36kB time=9.58 bitrate=  31.0kbits/s    frame=   19 fps=  7 q=0.0 size=      56kB time=9.98 bitrate=  46.0kbits/s    frame=   23 fps=  8 q=0.0 Lsize=      69kB time=10.12 bitrate=  56.2kbits/s    
video:54kB audio:8kB global headers:4kB muxing overhead 5.455678%
[01;32m[*][0m : 
[01;32m[*][0m : 
