[01;34m[*][0m [cmd] ffmpeg -version ffmpeg version 0.8.16-4:0.8.16-0ubuntu0.12.04.1, Copyright (c) 2000-2014 the Libav developers
  built on Sep 16 2014 18:33:49 with gcc 4.6.3
The ffmpeg program is only provided for script compatibility and will be removed
in a future release. It has been deprecated in the Libav project to allow for
incompatible command line syntax improvements in its replacement called avconv
(see Changelog for details). Please use avconv instead.
[01;32m[*][0m : 
[01;34m[*][0m [cmd] record_recordmydesktop [01;34m[*][0m [cmd] sleep 10 [01;34m[*][0m [cmd] recordmydesktop --width 1024 --height 768 \ --full-shots --fps 15 --channels 1 --device pulse --v_quality 63 --s_quality 10 --v_bitrate 2000000 --no-wm-check --no-cursor --output=/tmp/PRODUCT/session.ogv Initial recording window is set to:
X:0   Y:0    Width:1024    Height:768
Adjusted recording window is set to:
X:0   Y:0    Width:1024    Height:768
Initializing...
Buffer size adjusted to 4096 from 4096 frames.
Opened PCM device pulse
Recording on device pulse is set to:
1 channels at 22050Hz
Capturing!
[01;32m[*][0m : 
[01;34m[*][0m [cmd] killall recordmydesktop Shutting down.
*********************************************

Cached 14 MB, from 229 MB that were received.
Average cache compression ratio: 93.7 %

*********************************************
Saved 153 frames in a total of 152 requests
...[01;32m[*][0m : 
.
STATE:ENCODING
Encoding started!
This may take several minutes.
Pressing Ctrl-C will cancel the procedure (resuming will not be possible, but
any portion of the video, which is already encoded won't be deleted).
Please wait...
Output file: /tmp/PRODUCT/session.ogv
Encoding finished!
Wait a moment please...
   
Done.
Written 168663 bytes
(148252 of which were video data and 20411 audio data)

Cleanning up cache...
Done!!!
Goodbye!
[01;32m[*][0m : 
[01;32m[*][0m : 
[01;34m[*][0m [cmd] convert_from_ogv [01;34m[*][0m [cmd] HandBrakeCLI -i /tmp/PRODUCT/session.ogv -o /tmp/PRODUCT/session.mp4 --encoder x264 --vb 1800 --ab 128 --maxWidth $WIDTH --maxHeight $HEIGHT --two-pass --optimize [07:14:33] hb_init: starting libhb thread
HandBrake rev0 (2013051899) - Linux x86_64 - http://handbrake.fr
32 CPUs detected
Opening /tmp/PRODUCT/session.ogv...
[07:14:33] hb_scan: path=/tmp/PRODUCT/session.ogv, title_index=1
libbluray/bdnav/index_parse.c:162: indx_parse(): error opening /tmp/PRODUCT/session.ogv/BDMV/index.bdmv
libbluray/bdnav/index_parse.c:162: indx_parse(): error opening /tmp/PRODUCT/session.ogv/BDMV/BACKUP/index.bdmv
libbluray/bluray.c:1725: nav_get_title_list(/tmp/PRODUCT/session.ogv) failed (0x7f2108000900)
[07:14:33] bd: not a bd - trying as a stream/file instead
libdvdnav: Using dvdnav version 4.1.3
libdvdread: Encrypted DVD support unavailable.
libdvdnav:DVDOpenFileUDF:UDFFindFile /VIDEO_TS/VIDEO_TS.IFO failed
libdvdnav:DVDOpenFileUDF:UDFFindFile /VIDEO_TS/VIDEO_TS.BUP failed
libdvdread: Can't open file VIDEO_TS.IFO.
libdvdnav: vm: failed to read VIDEO_TS.IFO
[07:14:33] dvd: not a dvd - trying as a stream/file instead
Input #0, ogg, from '/tmp/PRODUCT/session.ogv':
  Duration: 00:00:10.26, start: 0.000000, bitrate: 137 kb/s
    Stream #0.0: Data: skeleton
    Stream #0.1: Video: theora, yuv420p, 1024x768 [PAR 1:1 DAR 4:3], 15 tbn, 15 tbc
    Stream #0.2: Audio: vorbis, 22050 Hz, mono, fltp, 89 kb/s
[07:14:33] scan: decoding previews for title 1
[07:14:33] scan: audio 0x2: vorbis, rate=22050Hz, bitrate=89991 Unknown (vorbis) (1.0 ch)
[ogg @ 0x7f2108001860] read_timestamp() failed in the middle
[ogg @ 0x7f2108001860] read_timestamp() failed in the middle
[ogg @ 0x7f2108001860] read_timestamp() failed in the middle
[ogg @ 0x7f2108001860] read_timestamp() failed in the middle
[ogg @ 0x7f2108001860] read_timestamp() failed in the middle
[ogg @ 0x7f2108001860] read_timestamp() failed in the middle
[ogg @ 0x7f2108001860] read_timestamp() failed in the middle
[ogg @ 0x7f2108001860] read_timestamp() failed in the middle
[07:14:33] scan: 10 previews, 1024x768, 15.000 fps, autocrop = 0/144/192/0, aspect 4:3, PAR 1:1
[07:14:33] libhb: scan thread found 1 valid title(s)
+ title 1:
  + stream: /tmp/PRODUCT/session.ogv
  + duration: 00:00:10
  + size: 1024x768, pixel aspect: 1/1, display aspect: 1.33, 15.000 fps
  + autocrop: 0/144/192/0
  + chapters:
    + 1: cells 0->0, 0 blocks, duration 00:00:10
  + audio tracks:
    + 1, Unknown (vorbis) (1.0 ch) (iso639-2: und)
  + subtitle tracks:
[07:14:33] 2 job(s) to process
[07:14:33] starting job
[07:14:33] work: mixdown not specified, track 1 setting mixdown Mono
[07:14:33] work: sanitizing track 1 bitrate 128 to 96 Kbps
[07:14:33] sync: expecting 154 video frames
[07:14:33] job configuration:
[07:14:33]  * source
[07:14:33]    + /tmp/PRODUCT/session.ogv
[07:14:33]    + title 1, chapter(s) 1 to 1
[07:14:33]    + container: ogg
[07:14:33]    + data rate: 137 kbps
[07:14:33]  * destination
[07:14:33]    + /tmp/PRODUCT/session.mp4
[07:14:33]    + container: MPEG-4 (.mp4 and .m4v)
[07:14:33]      + optimized for progressive web downloads
[07:14:33]  * video track
[07:14:33]    + decoder: theora
[07:14:33]    + frame rate: same as source (around 15.000 fps)
[07:14:33]    + filters
[07:14:33]      + Framerate Shaper (0:27000000:1800000)
[07:14:33]        + frame rate: same as source (around 15.000 fps)
[07:14:33]      + Crop and Scale (832:624:0:144:192:0)
[07:14:33]        + source: 1024 * 768, crop (0/144/192/0): 832 * 624, scale: 832 * 624
[07:14:33]    + dimensions: 832 * 624, mod 0
[07:14:33]    + encoder: H.264 (x264)
[07:14:33]      + bitrate: 1800 kbps, pass: 1
[07:14:33]  * audio track 1
[07:14:33]    + decoder: Unknown (vorbis) (1.0 ch) (track 1, id 0x2)
[07:14:33]      + bitrate: 89 kbps, samplerate: 22050 Hz
[07:14:33]    + mixdown: Mono
[07:14:33]    + encoder: AAC (faac)
[07:14:33]      + bitrate: 96 kbps, samplerate: 22050 Hz
[07:14:33] reader: first SCR 0 id 0x1 DTS 0
[07:14:33] encx264: min-keyint: 15, keyint: 150
x264 [warning]: --psnr used with psy on: results will be invalid!
x264 [warning]: --tune psnr should be used if attempting to benchmark psnr!
x264 [info]: using cpu capabilities: MMX2 SSE2Fast SSSE3 SSE4.2 AVX XOP FMA4 FMA3 SSEMisalign LZCNT BMI1
x264 [info]: profile High, level 3.1
[07:14:34] reader: done. 1 scr changes
[07:14:34] work: average encoding speed for job is 0.000000 fps
[07:14:34] sync: got 34 frames, 154 expected
[07:14:34] render: lost time: 0 (0 frames)
[07:14:34] render: gained time: 0 (0 frames) (0 not accounted for)
[07:14:34] theora-decoder done: 34 frames, 0 decoder errors, 0 drops
x264 [info]: frame I:1     Avg QP: 0.00  size:   895  PSNR Mean Y:100.00 U:100.00 V:100.00 Avg:100.00 Global:100.00
x264 [info]: frame P:20    Avg QP:10.64  size:  2655  PSNR Mean Y:58.53 U:76.01 V:76.06 Avg:59.72 Global:58.76
x264 [info]: frame B:13    Avg QP:12.34  size:  1333  PSNR Mean Y:56.85 U:57.65 V:59.10 Avg:57.25 Global:57.19
x264 [info]: consecutive B-frames: 41.2% 23.5%  0.0% 35.3%
x264 [info]: mb I  I16..4: 100.0%  0.0%  0.0%
x264 [info]: mb P  I16..4:  9.9%  2.5%  1.2%  P16..4:  3.5%  0.9%  0.4%  0.0%  0.0%    skip:81.5%
x264 [info]: mb B  I16..4:  0.8%  0.1%  0.6%  B16..8:  4.3%  0.8%  0.2%  direct: 0.9%  skip:92.3%  L0:42.2% L1:55.2% BI: 2.6%
x264 [info]: final ratefactor: -10.93
x264 [info]: 8x8 transform intra:13.0% inter:52.6%
x264 [info]: coded y,uvDC,uvAC intra: 7.5% 25.4% 17.6% inter: 0.9% 3.3% 1.8%
x264 [info]: i16 v,h,dc,p: 49% 50%  1%  0%
x264 [info]: i8 v,h,dc,ddl,ddr,vr,hd,vl,hu:  4% 81% 12%  0%  0%  0%  1%  0%  1%
x264 [info]: i4 v,h,dc,ddl,ddr,vr,hd,vl,hu: 41% 26% 20%  2%  2%  3%  3%  2%  2%
x264 [info]: i8c dc,h,v,p: 48% 49%  3%  1%
x264 [info]: Weighted P-Frames: Y:0.0% UV:0.0%
x264 [info]: ref P L0: 77.6%  1.8% 15.3%  5.3%
x264 [info]: ref B L0: 86.4% 12.6%  0.9%
x264 [info]: ref B L1: 96.3%  3.7%
x264 [info]: SSIM Mean Y:0.9996334 (34.358db)
x264 [info]: PSNR Mean Y:58.586 U:74.571 V:74.738 Avg:59.701 Global:58.622 kb/s:55.68
[07:14:34] vorbis-decoder done: 0 frames, 0 decoder errors, 0 drops
[07:14:34] starting job
[07:14:34] work: mixdown not specified, track 1 setting mixdown Mono
[07:14:34] work: sanitizing track 1 bitrate 128 to 96 Kbps
[07:14:34] sync: expecting 34 video frames
[07:14:34] job configuration:
[07:14:34]  * source
[07:14:34]    + /tmp/PRODUCT/session.ogv
[07:14:34]    + title 1, chapter(s) 1 to 1
[07:14:34]    + container: ogg
[07:14:34]    + data rate: 137 kbps
[07:14:34]  * destination
[07:14:34]    + /tmp/PRODUCT/session.mp4
[07:14:34]    + container: MPEG-4 (.mp4 and .m4v)
[07:14:34]      + optimized for progressive web downloads
[07:14:34]  * video track
[07:14:34]    + decoder: theora
[07:14:34]    + frame rate: same as source (around 15.000 fps)
[07:14:34]    + filters
[07:14:34]      + Framerate Shaper (0:27000000:1800000)
[07:14:34]        + frame rate: same as source (around 15.000 fps)
[07:14:34]      + Crop and Scale (832:624:0:144:192:0)
[07:14:34]        + source: 1024 * 768, crop (0/144/192/0): 832 * 624, scale: 832 * 624
[07:14:34]    + dimensions: 832 * 624, mod 0
[07:14:34]    + encoder: H.264 (x264)
[07:14:34]      + bitrate: 1800 kbps, pass: 2
[07:14:34]  * audio track 1
[07:14:34]    + decoder: Unknown (vorbis) (1.0 ch) (track 1, id 0x2)
[07:14:34]      + bitrate: 89 kbps, samplerate: 22050 Hz
[07:14:34]    + mixdown: Mono
[07:14:34]    + encoder: AAC (faac)
[07:14:34]      + bitrate: 96 kbps, samplerate: 22050 Hz
[07:14:34] reader: first SCR 0 id 0x1 DTS 0
[07:14:34] encx264: min-keyint: 15, keyint: 150
x264 [warning]: --psnr used with psy on: results will be invalid!
x264 [warning]: --tune psnr should be used if attempting to benchmark psnr!
x264 [info]: using cpu capabilities: MMX2 SSE2Fast SSSE3 SSE4.2 AVX XOP FMA4 FMA3 SSEMisalign LZCNT BMI1
x264 [warning]: Error: 2pass curve failed to converge
x264 [warning]: target: 1800.00 kbit/s, expected: 531.08 kbit/s, avg QP: 0.0386
x264 [warning]: try reducing target bitrate
x264 [info]: profile High, level 3.1
[07:14:35] reader: done. 1 scr changes
[07:14:35] work: average encoding speed for job is 0.000000 fps
[07:14:35] sync: got 34 frames, 34 expected
[07:14:35] render: lost time: 0 (0 frames)
[07:14:35] render: gained time: 0 (0 frames) (0 not accounted for)
[07:14:35] theora-decoder done: 34 frames, 0 decoder errors, 0 drops
x264 [info]: frame I:1     Avg QP: 0.00  size:   922  PSNR Mean Y:100.00 U:100.00 V:100.00 Avg:100.00 Global:100.00
x264 [info]: frame P:20    Avg QP: 0.97  size:  7751  PSNR Mean Y:74.64 U:89.40 V:89.57 Avg:75.77 Global:74.51
x264 [info]: frame B:13    Avg QP: 1.68  size:  4676  PSNR Mean Y:71.21 U:72.13 V:72.61 Avg:71.54 Global:71.22
x264 [info]: consecutive B-frames: 41.2% 23.5%  0.0% 35.3%
x264 [info]: mb I  I16..4: 100.0%  0.0%  0.0%
x264 [info]: mb P  I16..4: 11.1%  1.4%  1.6%  P16..4:  3.0%  0.8%  0.7%  0.0%  0.0%    skip:81.3%
x264 [info]: mb B  I16..4:  0.6%  0.0%  0.7%  B16..8:  3.1%  0.8%  0.5%  direct: 2.3%  skip:91.9%  L0:35.0% L1:61.0% BI: 4.0%
x264 [info]: 8x8 transform intra:7.3% inter:37.8%
x264 [info]: coded y,uvDC,uvAC intra: 10.6% 25.0% 23.7% inter: 1.5% 4.5% 4.4%
x264 [info]: i16 v,h,dc,p: 49% 50%  1%  0%
x264 [info]: i8 v,h,dc,ddl,ddr,vr,hd,vl,hu: 10% 68% 20%  0%  0%  0%  1%  0%  1%
x264 [info]: i4 v,h,dc,ddl,ddr,vr,hd,vl,hu: 33% 32% 20%  2%  2%  2%  3%  2%  2%
x264 [info]: i8c dc,h,v,p: 45% 51%  3%  1%
x264 [info]: Weighted P-Frames: Y:0.0% UV:0.0%
x264 [info]: ref P L0: 87.1%  3.1%  7.5%  2.2%
x264 [info]: ref B L0: 92.5%  6.5%  1.0%
x264 [info]: ref B L1: 97.9%  2.1%
x264 [info]: SSIM Mean Y:0.9999875 (49.025db)
x264 [info]: PSNR Mean Y:74.474 U:87.987 V:88.185 Avg:75.531 Global:74.135 kb/s:169.16
[07:14:35] vorbis-decoder done: 0 frames, 0 decoder errors, 0 drops
[07:14:35] muxmp4: optimizing file
[07:14:35] mux: track 0, 34 frames, 216682 bytes, 169.95 kbps, fifo 64
[07:14:35] mux: track 1, 216 frames, 19696 bytes, 15.45 kbps, fifo 256
[07:14:35] libhb: work result = 0

Encode done!
HandBrake has exited.
[01;32m[*][0m : 
[01;34m[*][0m [cmd] ffmpeg -i /tmp/PRODUCT/session.mp4 -acodec libvorbis -ac 2 -ab 96k -ar 44100 -b:v 345k -s 1024x768 /tmp/PRODUCT/session.webm ffmpeg version 0.8.16-4:0.8.16-0ubuntu0.12.04.1, Copyright (c) 2000-2014 the Libav developers
  built on Sep 16 2014 18:33:49 with gcc 4.6.3
The ffmpeg program is only provided for script compatibility and will be removed
in a future release. It has been deprecated in the Libav project to allow for
incompatible command line syntax improvements in its replacement called avconv
(see Changelog for details). Please use avconv instead.
[mov,mp4,m4a,3gp,3g2,mj2 @ 0x1cdd7a0] max_analyze_duration reached

Seems stream 0 codec frame rate differs from container frame rate: 180000.00 (180000/1) -> 90000.00 (180000/2)
Input #0, mov,mp4,m4a,3gp,3g2,mj2, from '/tmp/PRODUCT/session.mp4':
  Metadata:
    major_brand     : mp42
    minor_version   : 0
    compatible_brands: mp42isomavc1
    creation_time   : 2014-11-05 07:14:34
    encoder         : HandBrake rev0 2013051899
  Duration: 00:00:10.18, start: 0.000000, bitrate: 187 kb/s
    Stream #0.0(und): Video: h264 (High), yuv420p, 832x624, 170 kb/s, 3.34 fps, 90k tbr, 90k tbn, 180k tbc
    Metadata:
      creation_time   : 2014-11-05 07:14:34
    Stream #0.1(und): Audio: aac, 22050 Hz, mono, s16, 15 kb/s
    Metadata:
      creation_time   : 2014-11-05 07:14:34
[buffer @ 0x1ce0a80] w:832 h:624 pixfmt:yuv420p
[scale @ 0x1cf5660] w:832 h:624 fmt:yuv420p -> w:1024 h:768 fmt:yuv420p flags:0x4
[libvpx @ 0x1ee0be0] v1.0.0
Output #0, webm, to '/tmp/PRODUCT/session.webm':
  Metadata:
    major_brand     : mp42
    minor_version   : 0
    compatible_brands: mp42isomavc1
    creation_time   : 2014-11-05 07:14:34
    encoder         : Lavf53.21.1
    Stream #0.0(und): Video: libvpx, yuv420p, 1024x768, q=-1--1, 200 kb/s, 1k tbn, 90k tbc
    Metadata:
      creation_time   : 2014-11-05 07:14:34
    Stream #0.1(und): Audio: libvorbis, 44100 Hz, 2 channels, s16, 96 kb/s
    Metadata:
      creation_time   : 2014-11-05 07:14:34
Stream mapping:
  Stream #0.0 -> #0.0
  Stream #0.1 -> #0.1
Press ctrl-c to stop encoding
frame=    5 fps=  0 q=0.0 size=       4kB time=5.85 bitrate=   6.0kbits/s    frame=    8 fps=  6 q=0.0 size=      36kB time=8.45 bitrate=  35.2kbits/s    frame=   13 fps=  7 q=0.0 size=      36kB time=8.78 bitrate=  33.9kbits/s    frame=   19 fps=  8 q=0.0 size=      68kB time=9.18 bitrate=  60.9kbits/s    frame=   24 fps=  8 q=0.0 size=      68kB time=9.52 bitrate=  58.8kbits/s    frame=   31 fps=  9 q=0.0 size=     100kB time=9.98 bitrate=  82.3kbits/s    frame=   34 fps=  9 q=0.0 Lsize=     117kB time=10.03 bitrate=  95.9kbits/s    
video:94kB audio:16kB global headers:4kB muxing overhead 3.532218%
[01;32m[*][0m : 
[01;32m[*][0m : 
