[01;34m[*][0m [cmd] exec /usr/bin/Xvfb :99.0 -screen 0 1024x768x16 -extension RANDR [01;34m[*][0m [cmd] dbus-launch pulseaudio --start [dix] Could not init font path element /usr/share/fonts/X11/cyrillic, removing from list!
[dix] Could not init font path element /usr/share/fonts/X11/100dpi/:unscaled, removing from list!
[dix] Could not init font path element /usr/share/fonts/X11/75dpi/:unscaled, removing from list!
[dix] Could not init font path element /usr/share/fonts/X11/Type1, removing from list!
[dix] Could not init font path element /usr/share/fonts/X11/100dpi, removing from list!
[dix] Could not init font path element /usr/share/fonts/X11/75dpi, removing from list!
[dix] Could not init font path element /var/lib/defoma/x-ttcidfont-conf.d/dirs/TrueType, removing from list!
5 XSELINUXs still allocated at reset
SCREEN: 0 objects of 176 bytes = 0 total bytes 0 private allocs
DEVICE: 4 objects of 96 bytes = 384 total bytes 0 private allocs
CLIENT: 0 objects of 160 bytes = 0 total bytes 0 private allocs
WINDOW: 0 objects of 48 bytes = 0 total bytes 0 private allocs
PIXMAP: 1 objects of 16 bytes = 16 total bytes 0 private allocs
GC: 0 objects of 56 bytes = 0 total bytes 0 private allocs
CURSOR: 0 objects of 8 bytes = 0 total bytes 0 private allocs
CURSOR_BITS: 0 objects of 8 bytes = 0 total bytes 0 private allocs
DBE_WINDOW: 0 objects of 24 bytes = 0 total bytes 0 private allocs
TOTAL: 5 objects, 400 bytes, 0 allocs
4 DEVICEs still allocated at reset
DEVICE: 4 objects of 96 bytes = 384 total bytes 0 private allocs
CLIENT: 0 objects of 160 bytes = 0 total bytes 0 private allocs
WINDOW: 0 objects of 48 bytes = 0 total bytes 0 private allocs
PIXMAP: 1 objects of 16 bytes = 16 total bytes 0 private allocs
GC: 0 objects of 56 bytes = 0 total bytes 0 private allocs
CURSOR: 0 objects of 8 bytes = 0 total bytes 0 private allocs
CURSOR_BITS: 0 objects of 8 bytes = 0 total bytes 0 private allocs
DBE_WINDOW: 0 objects of 24 bytes = 0 total bytes 0 private allocs
TOTAL: 5 objects, 400 bytes, 0 allocs
1 PIXMAPs still allocated at reset
PIXMAP: 1 objects of 16 bytes = 16 total bytes 0 private allocs
GC: 0 objects of 56 bytes = 0 total bytes 0 private allocs
CURSOR: 0 objects of 8 bytes = 0 total bytes 0 private allocs
CURSOR_BITS: 0 objects of 8 bytes = 0 total bytes 0 private allocs
DBE_WINDOW: 0 objects of 24 bytes = 0 total bytes 0 private allocs
TOTAL: 1 objects, 16 bytes, 0 allocs
[dix] Could not init font path element /usr/share/fonts/X11/cyrillic, removing from list!
[dix] Could not init font path element /usr/share/fonts/X11/100dpi/:unscaled, removing from list!
[dix] Could not init font path element /usr/share/fonts/X11/75dpi/:unscaled, removing from list!
[dix] Could not init font path element /usr/share/fonts/X11/Type1, removing from list!
[dix] Could not init font path element /usr/share/fonts/X11/100dpi, removing from list!
[dix] Could not init font path element /usr/share/fonts/X11/75dpi, removing from list!
[dix] Could not init font path element /var/lib/defoma/x-ttcidfont-conf.d/dirs/TrueType, removing from list!
[01;32m[*][0m : 
[01;33m[*][0m DISPLAY :99.0 [01;34m[*][0m [cmd] export DISPLAY=99.0 [01;32m[*][0m : 
5 XSELINUXs still allocated at reset
SCREEN: 0 objects of 176 bytes = 0 total bytes 0 private allocs
DEVICE: 4 objects of 96 bytes = 384 total bytes 0 private allocs
CLIENT: 0 objects of 160 bytes = 0 total bytes 0 private allocs
WINDOW: 0 objects of 48 bytes = 0 total bytes 0 private allocs
PIXMAP: 1 objects of 16 bytes = 16 total bytes 0 private allocs
GC: 0 objects of 56 bytes = 0 total bytes 0 private allocs
CURSOR: 0 objects of 8 bytes = 0 total bytes 0 private allocs
CURSOR_BITS: 0 objects of 8 bytes = 0 total bytes 0 private allocs
DBE_WINDOW: 0 objects of 24 bytes = 0 total bytes 0 private allocs
TOTAL: 5 objects, 400 bytes, 0 allocs
4 DEVICEs still allocated at reset
DEVICE: 4 objects of 96 bytes = 384 total bytes 0 private allocs
CLIENT: 0 objects of 160 bytes = 0 total bytes 0 private allocs
WINDOW: 0 objects of 48 bytes = 0 total bytes 0 private allocs
PIXMAP: 1 objects of 16 bytes = 16 total bytes 0 private allocs
GC: 0 objects of 56 bytes = 0 total bytes 0 private allocs
CURSOR: 0 objects of 8 bytes = 0 total bytes 0 private allocs
CURSOR_BITS: 0 objects of 8 bytes = 0 total bytes 0 private allocs
DBE_WINDOW: 0 objects of 24 bytes = 0 total bytes 0 private allocs
TOTAL: 5 objects, 400 bytes, 0 allocs
1 PIXMAPs still allocated at reset
PIXMAP: 1 objects of 16 bytes = 16 total bytes 0 private allocs
GC: 0 objects of 56 bytes = 0 total bytes 0 private allocs
CURSOR: 0 objects of 8 bytes = 0 total bytes 0 private allocs
CURSOR_BITS: 0 objects of 8 bytes = 0 total bytes 0 private allocs
DBE_WINDOW: 0 objects of 24 bytes = 0 total bytes 0 private allocs
TOTAL: 1 objects, 16 bytes, 0 allocs
[dix] Could not init font path element /usr/share/fonts/X11/cyrillic, removing from list!
[dix] Could not init font path element /usr/share/fonts/X11/100dpi/:unscaled, removing from list!
[dix] Could not init font path element /usr/share/fonts/X11/75dpi/:unscaled, removing from list!
[dix] Could not init font path element /usr/share/fonts/X11/Type1, removing from list!
[dix] Could not init font path element /usr/share/fonts/X11/100dpi, removing from list!
[dix] Could not init font path element /usr/share/fonts/X11/75dpi, removing from list!
[dix] Could not init font path element /var/lib/defoma/x-ttcidfont-conf.d/dirs/TrueType, removing from list!
