[01;34m[*][0m [cmd] ffmpeg -version ffmpeg version 0.8.16-4:0.8.16-0ubuntu0.12.04.1, Copyright (c) 2000-2014 the Libav developers
  built on Sep 16 2014 18:33:49 with gcc 4.6.3
The ffmpeg program is only provided for script compatibility and will be removed
in a future release. It has been deprecated in the Libav project to allow for
incompatible command line syntax improvements in its replacement called avconv
(see Changelog for details). Please use avconv instead.
[01;32m[*][0m : 
[01;34m[*][0m [cmd] record_recordmydesktop [01;34m[*][0m [cmd] sleep 10 [01;34m[*][0m [cmd] recordmydesktop --width 1024 --height 768 \ --full-shots --fps 15 --channels 1 --device pulse --v_quality 63 --s_quality 10 --v_bitrate 2000000 --no-wm-check --no-cursor --output=/tmp/PRODUCT/session.ogv Initial recording window is set to:
X:0   Y:0    Width:1024    Height:768
Adjusted recording window is set to:
X:0   Y:0    Width:1024    Height:768
Initializing...
Buffer size adjusted to 4096 from 4096 frames.
Opened PCM device pulse
Recording on device pulse is set to:
1 channels at 22050Hz
Capturing!
[01;32m[*][0m : 
[01;34m[*][0m [cmd] killall recordmydesktop [01;32m[*][0m : 
Shutting down.
*********************************************

Cached 18 MB, from 229 MB that were received.
Average cache compression ratio: 92.1 %

*********************************************
Saved 153 frames in a total of 152 requests
....
STATE:ENCODING
Encoding started!
This may take several minutes.
Pressing Ctrl-C will cancel the procedure (resuming will not be possible, but
any portion of the video, which is already encoded won't be deleted).
Please wait...
Output file: /tmp/PRODUCT/session.ogv
Encoding finished!
Wait a moment please...
   
Done.
Written 187413 bytes
(162921 of which were video data and 24492 audio data)

Cleanning up cache...
Done!!!
Goodbye!
[01;32m[*][0m : 
[01;32m[*][0m : 
[01;34m[*][0m [cmd] convert_from_ogv [01;34m[*][0m [cmd] HandBrakeCLI -i /tmp/PRODUCT/session.ogv -o /tmp/PRODUCT/session.mp4 --encoder x264 --vb 1800 --ab 128 --maxWidth $WIDTH --maxHeight $HEIGHT --two-pass --optimize [14:08:34] hb_init: starting libhb thread
HandBrake rev0 (2013051899) - Linux x86_64 - http://handbrake.fr
32 CPUs detected
Opening /tmp/PRODUCT/session.ogv...
[14:08:34] hb_scan: path=/tmp/PRODUCT/session.ogv, title_index=1
libbluray/bdnav/index_parse.c:162: indx_parse(): error opening /tmp/PRODUCT/session.ogv/BDMV/index.bdmv
libbluray/bdnav/index_parse.c:162: indx_parse(): error opening /tmp/PRODUCT/session.ogv/BDMV/BACKUP/index.bdmv
libbluray/bluray.c:1725: nav_get_title_list(/tmp/PRODUCT/session.ogv) failed (0x7f15d4000900)
[14:08:34] bd: not a bd - trying as a stream/file instead
libdvdnav: Using dvdnav version 4.1.3
libdvdread: Encrypted DVD support unavailable.
libdvdnav:DVDOpenFileUDF:UDFFindFile /VIDEO_TS/VIDEO_TS.IFO failed
libdvdnav:DVDOpenFileUDF:UDFFindFile /VIDEO_TS/VIDEO_TS.BUP failed
libdvdread: Can't open file VIDEO_TS.IFO.
libdvdnav: vm: failed to read VIDEO_TS.IFO
[14:08:34] dvd: not a dvd - trying as a stream/file instead
Input #0, ogg, from '/tmp/PRODUCT/session.ogv':
  Duration: 00:00:10.26, start: 0.000000, bitrate: 151 kb/s
    Stream #0.0: Data: skeleton
    Stream #0.1: Video: theora, yuv420p, 1024x768 [PAR 1:1 DAR 4:3], 15 tbn, 15 tbc
    Stream #0.2: Audio: vorbis, 22050 Hz, mono, fltp, 89 kb/s
[14:08:34] scan: decoding previews for title 1
[14:08:34] scan: audio 0x2: vorbis, rate=22050Hz, bitrate=89991 Unknown (vorbis) (1.0 ch)
[14:08:34] Warning: Could not read data for preview 1, skipped
[ogg @ 0x7f15d4001860] read_timestamp() failed in the middle
[ogg @ 0x7f15d4001860] read_timestamp() failed in the middle
[ogg @ 0x7f15d4001860] read_timestamp() failed in the middle
[ogg @ 0x7f15d4001860] read_timestamp() failed in the middle
[ogg @ 0x7f15d4001860] read_timestamp() failed in the middle
[ogg @ 0x7f15d4001860] read_timestamp() failed in the middle
[ogg @ 0x7f15d4001860] read_timestamp() failed in the middle
[ogg @ 0x7f15d4001860] read_timestamp() failed in the middle
[14:08:34] scan: 9 previews, 1024x768, 15.000 fps, autocrop = 0/144/192/0, aspect 4:3, PAR 1:1
[14:08:34] libhb: scan thread found 1 valid title(s)
+ title 1:
  + stream: /tmp/PRODUCT/session.ogv
  + duration: 00:00:10
  + size: 1024x768, pixel aspect: 1/1, display aspect: 1.33, 15.000 fps
  + autocrop: 0/144/192/0
  + chapters:
    + 1: cells 0->0, 0 blocks, duration 00:00:10
  + audio tracks:
    + 1, Unknown (vorbis) (1.0 ch) (iso639-2: und)
  + subtitle tracks:
[14:08:34] 2 job(s) to process
[14:08:34] starting job
[14:08:34] work: mixdown not specified, track 1 setting mixdown Mono
[14:08:34] work: sanitizing track 1 bitrate 128 to 96 Kbps
[14:08:34] sync: expecting 154 video frames
[14:08:34] job configuration:
[14:08:34]  * source
[14:08:34]    + /tmp/PRODUCT/session.ogv
[14:08:34]    + title 1, chapter(s) 1 to 1
[14:08:34]    + container: ogg
[14:08:34]    + data rate: 151 kbps
[14:08:34]  * destination
[14:08:34]    + /tmp/PRODUCT/session.mp4
[14:08:34]    + container: MPEG-4 (.mp4 and .m4v)
[14:08:34]      + optimized for progressive web downloads
[14:08:34]  * video track
[14:08:34]    + decoder: theora
[14:08:34]    + frame rate: same as source (around 15.000 fps)
[14:08:34]    + filters
[14:08:34]      + Framerate Shaper (0:27000000:1800000)
[14:08:34]        + frame rate: same as source (around 15.000 fps)
[14:08:34]      + Crop and Scale (832:624:0:144:192:0)
[14:08:34]        + source: 1024 * 768, crop (0/144/192/0): 832 * 624, scale: 832 * 624
[14:08:34]    + dimensions: 832 * 624, mod 0
[14:08:34]    + encoder: H.264 (x264)
[14:08:34]      + bitrate: 1800 kbps, pass: 1
[14:08:34]  * audio track 1
[14:08:34]    + decoder: Unknown (vorbis) (1.0 ch) (track 1, id 0x2)
[14:08:34]      + bitrate: 89 kbps, samplerate: 22050 Hz
[14:08:34]    + mixdown: Mono
[14:08:34]    + encoder: AAC (faac)
[14:08:34]      + bitrate: 96 kbps, samplerate: 22050 Hz
[14:08:34] reader: first SCR 0 id 0x1 DTS 0
[14:08:34] encx264: min-keyint: 15, keyint: 150
x264 [warning]: --psnr used with psy on: results will be invalid!
x264 [warning]: --tune psnr should be used if attempting to benchmark psnr!
x264 [info]: using cpu capabilities: MMX2 SSE2Fast SSSE3 SSE4.2 AVX XOP FMA4 FMA3 SSEMisalign LZCNT BMI1
x264 [info]: profile High, level 3.1
[14:08:34] reader: done. 1 scr changes
[14:08:35] work: average encoding speed for job is 0.000000 fps
[14:08:35] sync: got 38 frames, 154 expected
[14:08:35] render: lost time: 0 (0 frames)
[14:08:35] render: gained time: 0 (0 frames) (0 not accounted for)
[14:08:35] theora-decoder done: 38 frames, 0 decoder errors, 0 drops
x264 [info]: frame I:2     Avg QP: 3.55  size:  5788  PSNR Mean Y:76.70 U:78.80 V:79.18 Avg:77.26 Global:62.85
x264 [info]: frame P:19    Avg QP: 9.84  size:  2970  PSNR Mean Y:57.22 U:57.18 V:57.19 Avg:57.13 Global:57.03
x264 [info]: frame B:17    Avg QP:11.04  size:  1460  PSNR Mean Y:60.26 U:60.51 V:62.35 Avg:60.56 Global:58.24
x264 [info]: consecutive B-frames: 31.6% 26.3%  0.0% 42.1%
x264 [info]: mb I  I16..4: 93.7%  3.4%  3.0%
x264 [info]: mb P  I16..4: 10.4%  3.4%  1.3%  P16..4:  3.4%  1.3%  0.4%  0.0%  0.0%    skip:79.7%
x264 [info]: mb B  I16..4:  1.4%  0.4%  0.5%  B16..8:  4.3%  1.4%  0.3%  direct: 1.3%  skip:90.5%  L0:49.4% L1:46.5% BI: 4.1%
x264 [info]: final ratefactor: -9.80
x264 [info]: 8x8 transform intra:14.9% inter:59.6%
x264 [info]: coded y,uvDC,uvAC intra: 9.1% 25.9% 20.4% inter: 1.1% 4.2% 2.3%
x264 [info]: i16 v,h,dc,p: 56% 41%  2%  1%
x264 [info]: i8 v,h,dc,ddl,ddr,vr,hd,vl,hu:  9% 76% 14%  0%  0%  0%  1%  0%  0%
x264 [info]: i4 v,h,dc,ddl,ddr,vr,hd,vl,hu: 38% 29% 20%  2%  2%  2%  3%  2%  3%
x264 [info]: i8c dc,h,v,p: 50% 47%  3%  1%
x264 [info]: Weighted P-Frames: Y:0.0% UV:0.0%
x264 [info]: ref P L0: 73.8%  2.9% 16.6%  6.7%
x264 [info]: ref B L0: 77.1% 20.2%  2.7%
x264 [info]: ref B L1: 97.1%  2.9%
x264 [info]: SSIM Mean Y:0.9994443 (32.552db)
x264 [info]: PSNR Mean Y:57.774 U:57.793 V:58.008 Avg:57.734 Global:57.186 kb/s:72.45
[14:08:35] vorbis-decoder done: 0 frames, 0 decoder errors, 0 drops
[14:08:35] starting job
[14:08:35] work: mixdown not specified, track 1 setting mixdown Mono
[14:08:35] work: sanitizing track 1 bitrate 128 to 96 Kbps
[14:08:35] sync: expecting 38 video frames
[14:08:35] job configuration:
[14:08:35]  * source
[14:08:35]    + /tmp/PRODUCT/session.ogv
[14:08:35]    + title 1, chapter(s) 1 to 1
[14:08:35]    + container: ogg
[14:08:35]    + data rate: 151 kbps
[14:08:35]  * destination
[14:08:35]    + /tmp/PRODUCT/session.mp4
[14:08:35]    + container: MPEG-4 (.mp4 and .m4v)
[14:08:35]      + optimized for progressive web downloads
[14:08:35]  * video track
[14:08:35]    + decoder: theora
[14:08:35]    + frame rate: same as source (around 15.000 fps)
[14:08:35]    + filters
[14:08:35]      + Framerate Shaper (0:27000000:1800000)
[14:08:35]        + frame rate: same as source (around 15.000 fps)
[14:08:35]      + Crop and Scale (832:624:0:144:192:0)
[14:08:35]        + source: 1024 * 768, crop (0/144/192/0): 832 * 624, scale: 832 * 624
[14:08:35]    + dimensions: 832 * 624, mod 0
[14:08:35]    + encoder: H.264 (x264)
[14:08:35]      + bitrate: 1800 kbps, pass: 2
[14:08:35]  * audio track 1
[14:08:35]    + decoder: Unknown (vorbis) (1.0 ch) (track 1, id 0x2)
[14:08:35]      + bitrate: 89 kbps, samplerate: 22050 Hz
[14:08:35]    + mixdown: Mono
[14:08:35]    + encoder: AAC (faac)
[14:08:35]      + bitrate: 96 kbps, samplerate: 22050 Hz
[14:08:35] reader: first SCR 0 id 0x1 DTS 0
[14:08:35] encx264: min-keyint: 15, keyint: 150
x264 [warning]: --psnr used with psy on: results will be invalid!
x264 [warning]: --tune psnr should be used if attempting to benchmark psnr!
x264 [info]: using cpu capabilities: MMX2 SSE2Fast SSSE3 SSE4.2 AVX XOP FMA4 FMA3 SSEMisalign LZCNT BMI1
x264 [warning]: Error: 2pass curve failed to converge
x264 [warning]: target: 1800.00 kbit/s, expected: 697.35 kbit/s, avg QP: 0.0417
x264 [warning]: try reducing target bitrate
x264 [info]: profile High, level 3.1
[14:08:35] reader: done. 1 scr changes
[14:08:36] work: average encoding speed for job is 0.000000 fps
[14:08:36] sync: got 38 frames, 38 expected
[14:08:36] render: lost time: 0 (0 frames)
[14:08:36] render: gained time: 0 (0 frames) (0 not accounted for)
[14:08:36] theora-decoder done: 38 frames, 0 decoder errors, 0 drops
x264 [info]: frame I:2     Avg QP: 0.58  size: 10309  PSNR Mean Y:83.27 U:86.27 V:86.81 Avg:83.96 Global:74.51
x264 [info]: frame P:19    Avg QP: 1.09  size:  9088  PSNR Mean Y:73.39 U:72.34 V:72.15 Avg:72.91 Global:72.72
x264 [info]: frame B:17    Avg QP: 1.06  size:  5422  PSNR Mean Y:73.86 U:74.36 V:75.22 Avg:74.08 Global:71.94
x264 [info]: consecutive B-frames: 31.6% 26.3%  0.0% 42.1%
x264 [info]: mb I  I16..4: 93.2%  3.4%  3.4%
x264 [info]: mb P  I16..4: 11.6%  1.8%  2.1%  P16..4:  3.6%  1.1%  0.9%  0.0%  0.0%    skip:79.0%
x264 [info]: mb B  I16..4:  1.3%  0.4%  0.7%  B16..8:  3.3%  1.5%  0.5%  direct: 2.6%  skip:89.8%  L0:47.7% L1:48.3% BI: 3.9%
x264 [info]: 8x8 transform intra:8.8% inter:36.3%
x264 [info]: coded y,uvDC,uvAC intra: 13.4% 26.9% 25.7% inter: 2.0% 5.8% 5.7%
x264 [info]: i16 v,h,dc,p: 56% 42%  2%  0%
x264 [info]: i8 v,h,dc,ddl,ddr,vr,hd,vl,hu: 16% 65% 17%  0%  0%  0%  0%  0%  0%
x264 [info]: i4 v,h,dc,ddl,ddr,vr,hd,vl,hu: 30% 40% 17%  2%  2%  2%  3%  2%  3%
x264 [info]: i8c dc,h,v,p: 49% 48%  3%  1%
x264 [info]: Weighted P-Frames: Y:0.0% UV:0.0%
x264 [info]: ref P L0: 85.5%  2.7%  8.7%  3.1%
x264 [info]: ref B L0: 85.5% 12.6%  1.9%
x264 [info]: ref B L1: 98.0%  2.0%
x264 [info]: SSIM Mean Y:0.9999816 (47.348db)
x264 [info]: PSNR Mean Y:73.549 U:72.720 V:72.659 Avg:73.168 Global:72.639 kb/s:222.82
[14:08:36] vorbis-decoder done: 0 frames, 0 decoder errors, 0 drops
[14:08:36] muxmp4: optimizing file
[14:08:36] mux: track 0, 38 frames, 285379 bytes, 223.83 kbps, fifo 64
[14:08:36] mux: track 1, 216 frames, 22917 bytes, 17.97 kbps, fifo 256
[14:08:36] libhb: work result = 0

Encode done!
HandBrake has exited.
[01;32m[*][0m : 
[01;34m[*][0m [cmd] ffmpeg -i /tmp/PRODUCT/session.mp4 -acodec libvorbis -ac 2 -ab 96k -ar 44100 -b:v 345k -s 1024x768 /tmp/PRODUCT/session.webm ffmpeg version 0.8.16-4:0.8.16-0ubuntu0.12.04.1, Copyright (c) 2000-2014 the Libav developers
  built on Sep 16 2014 18:33:49 with gcc 4.6.3
The ffmpeg program is only provided for script compatibility and will be removed
in a future release. It has been deprecated in the Libav project to allow for
incompatible command line syntax improvements in its replacement called avconv
(see Changelog for details). Please use avconv instead.
[mov,mp4,m4a,3gp,3g2,mj2 @ 0x21817a0] max_analyze_duration reached

Seems stream 0 codec frame rate differs from container frame rate: 180000.00 (180000/1) -> 90000.00 (180000/2)
Input #0, mov,mp4,m4a,3gp,3g2,mj2, from '/tmp/PRODUCT/session.mp4':
  Metadata:
    major_brand     : mp42
    minor_version   : 0
    compatible_brands: mp42isomavc1
    creation_time   : 2014-10-24 14:08:35
    encoder         : HandBrake rev0 2013051899
  Duration: 00:00:10.18, start: 0.000000, bitrate: 244 kb/s
    Stream #0.0(und): Video: h264 (High), yuv420p, 832x624, 224 kb/s, 3.73 fps, 90k tbr, 90k tbn, 180k tbc
    Metadata:
      creation_time   : 2014-10-24 14:08:35
    Stream #0.1(und): Audio: aac, 22050 Hz, mono, s16, 18 kb/s
    Metadata:
      creation_time   : 2014-10-24 14:08:35
[buffer @ 0x233d020] w:832 h:624 pixfmt:yuv420p
[scale @ 0x2199660] w:832 h:624 fmt:yuv420p -> w:1024 h:768 fmt:yuv420p flags:0x4
[libvpx @ 0x21894c0] v1.0.0
Output #0, webm, to '/tmp/PRODUCT/session.webm':
  Metadata:
    major_brand     : mp42
    minor_version   : 0
    compatible_brands: mp42isomavc1
    creation_time   : 2014-10-24 14:08:35
    encoder         : Lavf53.21.1
    Stream #0.0(und): Video: libvpx, yuv420p, 1024x768, q=-1--1, 200 kb/s, 1k tbn, 90k tbc
    Metadata:
      creation_time   : 2014-10-24 14:08:35
    Stream #0.1(und): Audio: libvorbis, 44100 Hz, 2 channels, s16, 96 kb/s
    Metadata:
      creation_time   : 2014-10-24 14:08:35
Stream mapping:
  Stream #0.0 -> #0.0
  Stream #0.1 -> #0.1
Press ctrl-c to stop encoding
frame=    4 fps=  0 q=0.0 size=       4kB time=0.18 bitrate= 192.7kbits/s    frame=    8 fps=  6 q=0.0 size=       4kB time=8.18 bitrate=   4.3kbits/s    frame=   15 fps=  8 q=0.0 size=      36kB time=8.62 bitrate=  34.5kbits/s    frame=   22 fps= 10 q=0.0 size=      68kB time=9.12 bitrate=  61.4kbits/s    frame=   28 fps= 10 q=0.0 size=      68kB time=9.42 bitrate=  59.4kbits/s    frame=   33 fps= 10 q=0.0 size=     100kB time=9.85 bitrate=  83.4kbits/s    frame=   38 fps= 10 q=0.0 Lsize=     116kB time=10.03 bitrate=  94.8kbits/s    
video:89kB audio:19kB global headers:4kB muxing overhead 3.723195%
[01;32m[*][0m : 
[01;32m[*][0m : 
