





Reading package lists...
Building dependency tree...
Reading state information...
NOTICE: 'tumiki-fighters' packaging is maintained in the 'Svn' version control system at:
svn://svn.debian.org/svn/pkg-games/packages/trunk/tumiki-fighters/
Need to get 4,742 kB of source archives.
Get:1 http://us.archive.ubuntu.com/ubuntu/ precise/universe tumiki-fighters 0.2.dfsg1-5 (dsc) [1,702 B]
Get:2 http://us.archive.ubuntu.com/ubuntu/ precise/universe tumiki-fighters 0.2.dfsg1-5 (tar) [4,723 kB]
Get:3 http://us.archive.ubuntu.com/ubuntu/ precise/universe tumiki-fighters 0.2.dfsg1-5 (diff) [17.1 kB]
dpkg-source: info: extracting tumiki-fighters in tumiki-fighters-0.2.dfsg1
dpkg-source: info: unpacking tumiki-fighters_0.2.dfsg1.orig.tar.gz
dpkg-source: info: unpacking tumiki-fighters_0.2.dfsg1-5.debian.tar.gz
dpkg-source: info: applying imports.patch
dpkg-source: info: applying fixes.patch
dpkg-source: info: applying directories.patch
dpkg-source: info: applying windowed.patch
dpkg-source: info: applying dotfile.patch
dpkg-source: info: applying makefile.patch
dpkg-source: info: applying gdc-0.24-semantics-for-version.patch
dpkg-source: info: applying window-resizing.patch
dpkg-source: info: applying d1.043.patch
Fetched 4,742 kB in 0s (15.2 MB/s)






