[01;34m[*][0m [cmd] ffmpeg -version ffmpeg version 0.8.16-4:0.8.16-0ubuntu0.12.04.1, Copyright (c) 2000-2014 the Libav developers
  built on Sep 16 2014 18:33:49 with gcc 4.6.3
The ffmpeg program is only provided for script compatibility and will be removed
in a future release. It has been deprecated in the Libav project to allow for
incompatible command line syntax improvements in its replacement called avconv
(see Changelog for details). Please use avconv instead.
[01;32m[*][0m : 
[01;34m[*][0m [cmd] record_recordmydesktop [01;34m[*][0m [cmd] recordmydesktop --width 1024 --height 768 \ --full-shots --fps 15 --channels 1 --device pulse --v_quality 63 --s_quality 10 --v_bitrate 2000000 --no-wm-check --no-cursor --output=/tmp/PRODUCT/session.ogv Initial recording window is set to:
X:0   Y:0    Width:1024    Height:768
Adjusted recording window is set to:
X:0   Y:0    Width:1024    Height:768
Initializing...
Buffer size adjusted to 4096 from 4096 frames.
[01;34m[*][0m [cmd] sleep 10 Opened PCM device pulse
Recording on device pulse is set to:
1 channels at 22050Hz
Capturing!
[01;32m[*][0m : 
[01;34m[*][0m [cmd] killall recordmydesktop [01;32m[*][0m : 
Shutting down.
*********************************************

Cached 12 MB, from 231 MB that were received.
Average cache compression ratio: 94.7 %

*********************************************
Saved 154 frames in a total of 153 requests
....
STATE:ENCODING
Encoding started!
This may take several minutes.
Pressing Ctrl-C will cancel the procedure (resuming will not be possible, but
any portion of the video, which is already encoded won't be deleted).
Please wait...
Output file: /tmp/PRODUCT/session.ogv
Encoding finished!
Wait a moment please...
   
Done.
Written 141717 bytes
(128604 of which were video data and 13113 audio data)

Cleanning up cache...
Done!!!
Goodbye!
[01;32m[*][0m : 
[01;32m[*][0m : 
[01;34m[*][0m [cmd] convert_from_ogv [01;34m[*][0m [cmd] HandBrakeCLI -i /tmp/PRODUCT/session.ogv -o /tmp/PRODUCT/session.mp4 --encoder x264 --vb 1800 --ab 128 --maxWidth $WIDTH --maxHeight $HEIGHT --two-pass --optimize [12:44:59] hb_init: starting libhb thread
HandBrake rev0 (2013051899) - Linux x86_64 - http://handbrake.fr
32 CPUs detected
Opening /tmp/PRODUCT/session.ogv...
[12:44:59] hb_scan: path=/tmp/PRODUCT/session.ogv, title_index=1
libbluray/bdnav/index_parse.c:162: indx_parse(): error opening /tmp/PRODUCT/session.ogv/BDMV/index.bdmv
libbluray/bdnav/index_parse.c:162: indx_parse(): error opening /tmp/PRODUCT/session.ogv/BDMV/BACKUP/index.bdmv
libbluray/bluray.c:1725: nav_get_title_list(/tmp/PRODUCT/session.ogv) failed (0x7f0d48000900)
[12:44:59] bd: not a bd - trying as a stream/file instead
libdvdnav: Using dvdnav version 4.1.3
libdvdread: Encrypted DVD support unavailable.
libdvdnav:DVDOpenFileUDF:UDFFindFile /VIDEO_TS/VIDEO_TS.IFO failed
libdvdnav:DVDOpenFileUDF:UDFFindFile /VIDEO_TS/VIDEO_TS.BUP failed
libdvdread: Can't open file VIDEO_TS.IFO.
libdvdnav: vm: failed to read VIDEO_TS.IFO
[12:44:59] dvd: not a dvd - trying as a stream/file instead
Input #0, ogg, from '/tmp/PRODUCT/session.ogv':
  Duration: 00:00:10.33, start: 0.000000, bitrate: 115 kb/s
    Stream #0.0: Data: skeleton
    Stream #0.1: Video: theora, yuv420p, 1024x768 [PAR 1:1 DAR 4:3], 15 tbn, 15 tbc
    Stream #0.2: Audio: vorbis, 22050 Hz, mono, fltp, 89 kb/s
[12:44:59] scan: decoding previews for title 1
[12:44:59] scan: audio 0x2: vorbis, rate=22050Hz, bitrate=89991 Unknown (vorbis) (1.0 ch)
[12:44:59] Warning: Could not read data for preview 3, skipped
[12:44:59] Warning: Could not read data for preview 4, skipped
[12:44:59] Warning: Could not read data for preview 5, skipped
[12:44:59] Warning: Could not read data for preview 6, skipped
[12:44:59] Warning: Could not read data for preview 7, skipped
[12:44:59] Warning: Could not read data for preview 8, skipped
[12:44:59] Warning: Could not read data for preview 9, skipped
[12:44:59] Warning: Could not read data for preview 10, skipped
[12:44:59] scan: 2 previews, 1024x768, 15.000 fps, autocrop = 0/0/0/0, aspect 4:3, PAR 1:1
[12:44:59] libhb: scan thread found 1 valid title(s)
+ title 1:
  + stream: /tmp/PRODUCT/session.ogv
  + duration: 00:00:10
  + size: 1024x768, pixel aspect: 1/1, display aspect: 1.33, 15.000 fps
  + autocrop: 0/0/0/0
  + chapters:
    + 1: cells 0->0, 0 blocks, duration 00:00:10
  + audio tracks:
    + 1, Unknown (vorbis) (1.0 ch) (iso639-2: und)
  + subtitle tracks:
[12:45:00] 2 job(s) to process
[12:45:00] starting job
[12:45:00] work: mixdown not specified, track 1 setting mixdown Mono
[12:45:00] work: sanitizing track 1 bitrate 128 to 96 Kbps
[12:45:00] sync: expecting 154 video frames
[12:45:00] job configuration:
[12:45:00]  * source
[12:45:00]    + /tmp/PRODUCT/session.ogv
[12:45:00]    + title 1, chapter(s) 1 to 1
[12:45:00]    + container: ogg
[12:45:00]    + data rate: 115 kbps
[12:45:00]  * destination
[12:45:00]    + /tmp/PRODUCT/session.mp4
[12:45:00]    + container: MPEG-4 (.mp4 and .m4v)
[12:45:00]      + optimized for progressive web downloads
[12:45:00]  * video track
[12:45:00]    + decoder: theora
[12:45:00]    + frame rate: same as source (around 15.000 fps)
[12:45:00]    + filters
[12:45:00]      + Framerate Shaper (0:27000000:1800000)
[12:45:00]        + frame rate: same as source (around 15.000 fps)
[12:45:00]      + Crop and Scale (1024:768:0:0:0:0)
[12:45:00]        + source: 1024 * 768, crop (0/0/0/0): 1024 * 768, scale: 1024 * 768
[12:45:00]    + dimensions: 1024 * 768, mod 0
[12:45:00]    + encoder: H.264 (x264)
[12:45:00]      + bitrate: 1800 kbps, pass: 1
[12:45:00]  * audio track 1
[12:45:00]    + decoder: Unknown (vorbis) (1.0 ch) (track 1, id 0x2)
[12:45:00]      + bitrate: 89 kbps, samplerate: 22050 Hz
[12:45:00]    + mixdown: Mono
[12:45:00]    + encoder: AAC (faac)
[12:45:00]      + bitrate: 96 kbps, samplerate: 22050 Hz
[12:45:00] reader: first SCR 0 id 0x1 DTS 0
[12:45:00] encx264: min-keyint: 15, keyint: 150
x264 [warning]: --psnr used with psy on: results will be invalid!
x264 [warning]: --tune psnr should be used if attempting to benchmark psnr!
x264 [info]: using cpu capabilities: MMX2 SSE2Fast SSSE3 SSE4.2 AVX XOP FMA4 FMA3 SSEMisalign LZCNT BMI1
x264 [info]: profile High, level 3.1
[12:45:00] reader: done. 1 scr changes
[12:45:00] work: average encoding speed for job is 0.000000 fps
[12:45:00] sync: got 30 frames, 154 expected
[12:45:01] render: lost time: 0 (0 frames)
[12:45:01] render: gained time: 0 (0 frames) (0 not accounted for)
[12:45:01] theora-decoder done: 30 frames, 0 decoder errors, 0 drops
x264 [info]: frame I:2     Avg QP: 6.04  size:  6776  PSNR Mean Y:74.23 U:78.47 V:79.70 Avg:75.07 Global:59.05
x264 [info]: frame P:10    Avg QP:14.61  size:  2751  PSNR Mean Y:54.46 U:74.58 V:72.97 Avg:56.05 Global:55.91
x264 [info]: frame B:18    Avg QP:14.37  size:   764  PSNR Mean Y:55.05 U:68.85 V:68.95 Avg:56.58 Global:55.98
x264 [info]: consecutive B-frames: 16.7%  6.7% 10.0% 66.7%
x264 [info]: mb I  I16..4: 95.0%  1.9%  3.1%
x264 [info]: mb P  I16..4:  8.1%  1.4%  1.3%  P16..4:  1.9%  0.4%  0.1%  0.0%  0.0%    skip:86.7%
x264 [info]: mb B  I16..4:  0.3%  0.0%  0.2%  B16..8:  2.9%  0.2%  0.1%  direct: 0.2%  skip:96.0%  L0:53.3% L1:44.6% BI: 2.1%
x264 [info]: final ratefactor: -11.97
x264 [info]: 8x8 transform intra:5.5% inter:42.6%
x264 [info]: coded y,uvDC,uvAC intra: 6.1% 9.6% 7.4% inter: 0.3% 1.1% 0.6%
x264 [info]: i16 v,h,dc,p: 77% 21%  2%  0%
x264 [info]: i8 v,h,dc,ddl,ddr,vr,hd,vl,hu: 10% 76% 10%  0%  0%  0%  1%  0%  1%
x264 [info]: i4 v,h,dc,ddl,ddr,vr,hd,vl,hu: 42% 26% 18%  2%  2%  2%  3%  2%  3%
x264 [info]: i8c dc,h,v,p: 72% 23%  4%  0%
x264 [info]: Weighted P-Frames: Y:0.0% UV:0.0%
x264 [info]: ref P L0: 74.3%  1.5% 19.5%  4.7%
x264 [info]: ref B L0: 78.6% 18.1%  3.3%
x264 [info]: ref B L1: 97.2%  2.8%
x264 [info]: SSIM Mean Y:0.9996111 (34.101db)
x264 [info]: PSNR Mean Y:55.029 U:71.258 V:70.685 Avg:56.574 Global:55.975 kb/s:42.51
[12:45:01] vorbis-decoder done: 0 frames, 0 decoder errors, 0 drops
[12:45:01] starting job
[12:45:01] work: mixdown not specified, track 1 setting mixdown Mono
[12:45:01] work: sanitizing track 1 bitrate 128 to 96 Kbps
[12:45:01] sync: expecting 30 video frames
[12:45:01] job configuration:
[12:45:01]  * source
[12:45:01]    + /tmp/PRODUCT/session.ogv
[12:45:01]    + title 1, chapter(s) 1 to 1
[12:45:01]    + container: ogg
[12:45:01]    + data rate: 115 kbps
[12:45:01]  * destination
[12:45:01]    + /tmp/PRODUCT/session.mp4
[12:45:01]    + container: MPEG-4 (.mp4 and .m4v)
[12:45:01]      + optimized for progressive web downloads
[12:45:01]  * video track
[12:45:01]    + decoder: theora
[12:45:01]    + frame rate: same as source (around 15.000 fps)
[12:45:01]    + filters
[12:45:01]      + Framerate Shaper (0:27000000:1800000)
[12:45:01]        + frame rate: same as source (around 15.000 fps)
[12:45:01]      + Crop and Scale (1024:768:0:0:0:0)
[12:45:01]        + source: 1024 * 768, crop (0/0/0/0): 1024 * 768, scale: 1024 * 768
[12:45:01]    + dimensions: 1024 * 768, mod 0
[12:45:01]    + encoder: H.264 (x264)
[12:45:01]      + bitrate: 1800 kbps, pass: 2
[12:45:01]  * audio track 1
[12:45:01]    + decoder: Unknown (vorbis) (1.0 ch) (track 1, id 0x2)
[12:45:01]      + bitrate: 89 kbps, samplerate: 22050 Hz
[12:45:01]    + mixdown: Mono
[12:45:01]    + encoder: AAC (faac)
[12:45:01]      + bitrate: 96 kbps, samplerate: 22050 Hz
[12:45:01] reader: first SCR 0 id 0x1 DTS 0
[12:45:01] encx264: min-keyint: 15, keyint: 150
x264 [warning]: --psnr used with psy on: results will be invalid!
x264 [warning]: --tune psnr should be used if attempting to benchmark psnr!
x264 [info]: using cpu capabilities: MMX2 SSE2Fast SSSE3 SSE4.2 AVX XOP FMA4 FMA3 SSEMisalign LZCNT BMI1
x264 [warning]: Error: 2pass curve failed to converge
x264 [warning]: target: 1800.00 kbit/s, expected: 488.77 kbit/s, avg QP: 0.0341
x264 [warning]: try reducing target bitrate
x264 [info]: profile High, level 3.1
[12:45:01] reader: done. 1 scr changes
[12:45:01] work: average encoding speed for job is 0.000000 fps
[12:45:01] sync: got 30 frames, 30 expected
[12:45:01] render: lost time: 0 (0 frames)
[12:45:01] render: gained time: 0 (0 frames) (0 not accounted for)
[12:45:01] theora-decoder done: 30 frames, 0 decoder errors, 0 drops
x264 [info]: frame I:2     Avg QP: 1.51  size: 13446  PSNR Mean Y:81.44 U:85.85 V:87.20 Avg:82.29 Global:71.61
x264 [info]: frame P:10    Avg QP: 1.36  size:  8330  PSNR Mean Y:76.71 U:96.20 V:94.61 Avg:78.29 Global:76.90
x264 [info]: frame B:18    Avg QP: 1.91  size:  3147  PSNR Mean Y:74.97 U:96.03 V:89.54 Avg:76.47 Global:75.62
x264 [info]: consecutive B-frames: 16.7%  6.7% 10.0% 66.7%
x264 [info]: mb I  I16..4: 95.1%  1.6%  3.3%
x264 [info]: mb P  I16..4:  8.1%  1.2%  1.6%  P16..4:  1.6%  0.3%  0.3%  0.0%  0.0%    skip:86.8%
x264 [info]: mb B  I16..4:  0.1%  0.0%  0.2%  B16..8:  2.0%  0.3%  0.2%  direct: 1.6%  skip:95.6%  L0:51.6% L1:44.3% BI: 4.1%
x264 [info]: 8x8 transform intra:4.9% inter:34.5%
x264 [info]: coded y,uvDC,uvAC intra: 10.1% 11.2% 10.3% inter: 0.6% 2.3% 2.1%
x264 [info]: i16 v,h,dc,p: 78% 20%  2%  0%
x264 [info]: i8 v,h,dc,ddl,ddr,vr,hd,vl,hu: 12% 74% 11%  0%  0%  0%  1%  0%  1%
x264 [info]: i4 v,h,dc,ddl,ddr,vr,hd,vl,hu: 36% 27% 19%  3%  3%  3%  4%  2%  4%
x264 [info]: i8c dc,h,v,p: 71% 24%  4%  0%
x264 [info]: Weighted P-Frames: Y:0.0% UV:0.0%
x264 [info]: ref P L0: 91.1%  4.1%  4.0%  0.8%
x264 [info]: ref B L0: 90.5%  9.1%  0.4%
x264 [info]: ref B L1: 97.6%  2.4%
x264 [info]: SSIM Mean Y:0.9999924 (51.209db)
x264 [info]: PSNR Mean Y:75.738 U:95.985 V:91.543 Avg:77.262 Global:76.007 kb/s:129.39
[12:45:01] vorbis-decoder done: 0 frames, 0 decoder errors, 0 drops
[12:45:01] muxmp4: optimizing file
[12:45:01] mux: track 0, 30 frames, 166760 bytes, 129.94 kbps, fifo 32
[12:45:01] mux: track 1, 216 frames, 13597 bytes, 10.60 kbps, fifo 256
[12:45:01] libhb: work result = 0

Encode done!
HandBrake has exited.
[01;32m[*][0m : 
[01;34m[*][0m [cmd] ffmpeg -i /tmp/PRODUCT/session.mp4 -acodec libvorbis -ac 2 -ab 96k -ar 44100 -b:v 345k -s 1024x768 /tmp/PRODUCT/session.webm ffmpeg version 0.8.16-4:0.8.16-0ubuntu0.12.04.1, Copyright (c) 2000-2014 the Libav developers
  built on Sep 16 2014 18:33:49 with gcc 4.6.3
The ffmpeg program is only provided for script compatibility and will be removed
in a future release. It has been deprecated in the Libav project to allow for
incompatible command line syntax improvements in its replacement called avconv
(see Changelog for details). Please use avconv instead.
[mov,mp4,m4a,3gp,3g2,mj2 @ 0x1a727a0] max_analyze_duration reached

Seems stream 0 codec frame rate differs from container frame rate: 180000.00 (180000/1) -> 90000.00 (180000/2)
Input #0, mov,mp4,m4a,3gp,3g2,mj2, from '/tmp/PRODUCT/session.mp4':
  Metadata:
    major_brand     : mp42
    minor_version   : 0
    compatible_brands: mp42isomavc1
    creation_time   : 2014-10-28 12:45:01
    encoder         : HandBrake rev0 2013051899
  Duration: 00:00:10.24, start: 0.000000, bitrate: 143 kb/s
    Stream #0.0(und): Video: h264 (High), yuv420p, 1024x768, 130 kb/s, 2.93 fps, 90k tbr, 90k tbn, 180k tbc
    Metadata:
      creation_time   : 2014-10-28 12:45:01
    Stream #0.1(und): Audio: aac, 22050 Hz, mono, s16, 10 kb/s
    Metadata:
      creation_time   : 2014-10-28 12:45:01
[buffer @ 0x1b15f40] w:1024 h:768 pixfmt:yuv420p
[libvpx @ 0x1b15720] v1.0.0
Output #0, webm, to '/tmp/PRODUCT/session.webm':
  Metadata:
    major_brand     : mp42
    minor_version   : 0
    compatible_brands: mp42isomavc1
    creation_time   : 2014-10-28 12:45:01
    encoder         : Lavf53.21.1
    Stream #0.0(und): Video: libvpx, yuv420p, 1024x768, q=-1--1, 200 kb/s, 1k tbn, 90k tbc
    Metadata:
      creation_time   : 2014-10-28 12:45:01
    Stream #0.1(und): Audio: libvorbis, 44100 Hz, 2 channels, s16, 96 kb/s
    Metadata:
      creation_time   : 2014-10-28 12:45:01
Stream mapping:
  Stream #0.0 -> #0.0
  Stream #0.1 -> #0.1
Press ctrl-c to stop encoding
frame=    5 fps=  0 q=0.0 size=       4kB time=5.12 bitrate=   6.9kbits/s    frame=    8 fps=  5 q=0.0 size=       4kB time=8.72 bitrate=   4.0kbits/s    frame=   11 fps=  5 q=0.0 size=       4kB time=8.98 bitrate=   3.9kbits/s    frame=   16 fps=  6 q=0.0 size=       4kB time=9.32 bitrate=   3.8kbits/s    frame=   22 fps=  7 q=0.0 size=      36kB time=9.72 bitrate=  30.6kbits/s    frame=   27 fps=  7 q=0.0 size=      64kB time=10.01 bitrate=  52.5kbits/s    frame=   30 fps=  6 q=0.0 Lsize=      79kB time=10.03 bitrate=  64.7kbits/s    
video:62kB audio:10kB global headers:4kB muxing overhead 4.946974%
[01;32m[*][0m : 
[01;32m[*][0m : 
