[01;34m[*][0m [cmd] ffmpeg -version ffmpeg version 0.8.16-4:0.8.16-0ubuntu0.12.04.1, Copyright (c) 2000-2014 the Libav developers
  built on Sep 16 2014 18:33:49 with gcc 4.6.3
The ffmpeg program is only provided for script compatibility and will be removed
in a future release. It has been deprecated in the Libav project to allow for
incompatible command line syntax improvements in its replacement called avconv
(see Changelog for details). Please use avconv instead.
[01;32m[*][0m : 
[01;34m[*][0m [cmd] record_recordmydesktop [01;34m[*][0m [cmd] recordmydesktop --width 1024 --height 768 \ --full-shots --fps 15 --channels 1 --device pulse --v_quality 63 --s_quality 10 --v_bitrate 2000000 --no-wm-check --no-cursor --output=/tmp/PRODUCT/session.ogv [01;34m[*][0m [cmd] sleep 10 Initial recording window is set to:
X:0   Y:0    Width:1024    Height:768
Adjusted recording window is set to:
X:0   Y:0    Width:1024    Height:768
Initializing...
Buffer size adjusted to 4096 from 4096 frames.
Opened PCM device pulse
Recording on device pulse is set to:
1 channels at 22050Hz
Capturing!
[01;32m[*][0m : 
[01;34m[*][0m [cmd] killall recordmydesktop 
*********************************************

Cached 3 MB, from 229 MB that were received.
Average cache compression ratio: 98.6 %

*********************************************
Saved 153 frames in a total of 153 requests
Shutting down..[01;32m[*][0m : 
...
STATE:ENCODING
Encoding started!
This may take several minutes.
Pressing Ctrl-C will cancel the procedure (resuming will not be possible, but
any portion of the video, which is already encoded won't be deleted).
Please wait...
Output file: /tmp/PRODUCT/session.ogv
Encoding finished!
Wait a moment please...
   
Done.
Written 189420 bytes
(188589 of which were video data and 831 audio data)

Cleanning up cache...
Done!!!
Goodbye!
[01;32m[*][0m : 
[01;32m[*][0m : 
[01;34m[*][0m [cmd] convert_from_ogv [01;34m[*][0m [cmd] HandBrakeCLI -i /tmp/PRODUCT/session.ogv -o /tmp/PRODUCT/session.mp4 --encoder x264 --vb 1800 --ab 128 --maxWidth $WIDTH --maxHeight $HEIGHT --two-pass --optimize [09:26:24] hb_init: starting libhb thread
HandBrake rev0 (2013051899) - Linux x86_64 - http://handbrake.fr
32 CPUs detected
Opening /tmp/PRODUCT/session.ogv...
[09:26:24] hb_scan: path=/tmp/PRODUCT/session.ogv, title_index=1
libbluray/bdnav/index_parse.c:162: indx_parse(): error opening /tmp/PRODUCT/session.ogv/BDMV/index.bdmv
libbluray/bdnav/index_parse.c:162: indx_parse(): error opening /tmp/PRODUCT/session.ogv/BDMV/BACKUP/index.bdmv
libbluray/bluray.c:1725: nav_get_title_list(/tmp/PRODUCT/session.ogv) failed (0x7ff728000900)
[09:26:24] bd: not a bd - trying as a stream/file instead
libdvdnav: Using dvdnav version 4.1.3
libdvdread: Encrypted DVD support unavailable.
libdvdnav:DVDOpenFileUDF:UDFFindFile /VIDEO_TS/VIDEO_TS.IFO failed
libdvdnav:DVDOpenFileUDF:UDFFindFile /VIDEO_TS/VIDEO_TS.BUP failed
libdvdread: Can't open file VIDEO_TS.IFO.
libdvdnav: vm: failed to read VIDEO_TS.IFO
[09:26:24] dvd: not a dvd - trying as a stream/file instead
Input #0, ogg, from '/tmp/PRODUCT/session.ogv':
  Duration: 00:00:10.26, start: 0.000000, bitrate: 153 kb/s
    Stream #0.0: Data: skeleton
    Stream #0.1: Video: theora, yuv420p, 1024x768 [PAR 1:1 DAR 4:3], 3.21 fps, 15 tbn, 15 tbc
    Stream #0.2: Audio: vorbis, 22050 Hz, mono, fltp, 89 kb/s
[09:26:24] scan: decoding previews for title 1
[09:26:24] scan: audio 0x2: vorbis, rate=22050Hz, bitrate=89991 Unknown (vorbis) (1.0 ch)
[ogg @ 0x7ff728001860] read_timestamp() failed in the middle
[09:26:24] Warning: Could not read data for preview 8, skipped
[09:26:24] Warning: Could not read data for preview 9, skipped
[09:26:24] Warning: Could not read data for preview 10, skipped
[09:26:24] scan: 7 previews, 1024x768, 15.000 fps, autocrop = 0/0/0/0, aspect 4:3, PAR 1:1
[09:26:24] libhb: scan thread found 1 valid title(s)
+ title 1:
  + stream: /tmp/PRODUCT/session.ogv
  + duration: 00:00:10
  + size: 1024x768, pixel aspect: 1/1, display aspect: 1.33, 15.000 fps
  + autocrop: 0/0/0/0
  + chapters:
    + 1: cells 0->0, 0 blocks, duration 00:00:10
  + audio tracks:
    + 1, Unknown (vorbis) (1.0 ch) (iso639-2: und)
  + subtitle tracks:
[09:26:24] 2 job(s) to process
[09:26:24] starting job
[09:26:24] work: mixdown not specified, track 1 setting mixdown Mono
[09:26:24] work: sanitizing track 1 bitrate 128 to 96 Kbps
[09:26:24] sync: expecting 154 video frames
[09:26:24] job configuration:
[09:26:24]  * source
[09:26:24]    + /tmp/PRODUCT/session.ogv
[09:26:24]    + title 1, chapter(s) 1 to 1
[09:26:24]    + container: ogg
[09:26:24]    + data rate: 153 kbps
[09:26:24]  * destination
[09:26:24]    + /tmp/PRODUCT/session.mp4
[09:26:24]    + container: MPEG-4 (.mp4 and .m4v)
[09:26:24]      + optimized for progressive web downloads
[09:26:24]  * video track
[09:26:24]    + decoder: theora
[09:26:24]    + frame rate: same as source (around 15.000 fps)
[09:26:24]    + filters
[09:26:24]      + Framerate Shaper (0:27000000:1800000)
[09:26:24]        + frame rate: same as source (around 15.000 fps)
[09:26:24]      + Crop and Scale (1024:768:0:0:0:0)
[09:26:24]        + source: 1024 * 768, crop (0/0/0/0): 1024 * 768, scale: 1024 * 768
[09:26:24]    + dimensions: 1024 * 768, mod 0
[09:26:24]    + encoder: H.264 (x264)
[09:26:24]      + bitrate: 1800 kbps, pass: 1
[09:26:24]  * audio track 1
[09:26:24]    + decoder: Unknown (vorbis) (1.0 ch) (track 1, id 0x2)
[09:26:24]      + bitrate: 89 kbps, samplerate: 22050 Hz
[09:26:24]    + mixdown: Mono
[09:26:24]    + encoder: AAC (faac)
[09:26:24]      + bitrate: 96 kbps, samplerate: 22050 Hz
[09:26:24] reader: first SCR 0 id 0x1 DTS 0
[09:26:24] encx264: min-keyint: 15, keyint: 150
x264 [warning]: --psnr used with psy on: results will be invalid!
x264 [warning]: --tune psnr should be used if attempting to benchmark psnr!
x264 [info]: using cpu capabilities: MMX2 SSE2Fast SSSE3 SSE4.2 AVX XOP FMA4 SSEMisalign LZCNT
x264 [info]: profile High, level 3.1
[09:26:25] reader: done. 1 scr changes
[09:26:25] sync: video time didn't advance - dropped 1 frames (delta 0 ms, current 832433, next 844433, dur 12000)
[09:26:25] sync: video time didn't advance - dropped 1 frames (delta 0 ms, current 856433, next 868433, dur 12000)
[09:26:25] work: average encoding speed for job is 0.000000 fps
[09:26:25] sync: got 29 frames, 154 expected
[09:26:25] render: lost time: 0 (0 frames)
[09:26:25] render: gained time: 0 (0 frames) (0 not accounted for)
[09:26:25] theora-decoder done: 31 frames, 0 decoder errors, 0 drops
x264 [info]: frame I:2     Avg QP:13.14  size: 18784  PSNR Mean Y:53.44 U:71.54 V:71.91 Avg:55.16 Global:50.43
x264 [info]: frame P:11    Avg QP:13.94  size:  2661  PSNR Mean Y:55.00 U:71.03 V:70.68 Avg:56.55 Global:54.42
x264 [info]: frame B:16    Avg QP:11.17  size:   287  PSNR Mean Y:56.97 U:69.26 V:66.04 Avg:58.51 Global:55.85
x264 [info]: consecutive B-frames: 24.1%  6.9%  0.0% 69.0%
x264 [info]: mb I  I16..4: 89.9%  0.7%  9.4%
x264 [info]: mb P  I16..4:  6.6%  0.0%  1.0%  P16..4:  2.1%  0.1%  0.1%  0.0%  0.0%    skip:90.2%
x264 [info]: mb B  I16..4:  0.7%  0.0%  0.0%  B16..8:  3.3%  0.1%  0.0%  direct: 1.8%  skip:94.1%  L0:43.7% L1:56.3% BI: 0.1%
x264 [info]: final ratefactor: -9.50
x264 [info]: 8x8 transform intra:0.6% inter:34.2%
x264 [info]: coded y,uvDC,uvAC intra: 6.6% 5.7% 0.3% inter: 0.3% 1.6% 0.1%
x264 [info]: i16 v,h,dc,p: 90%  8%  2%  0%
x264 [info]: i8 v,h,dc,ddl,ddr,vr,hd,vl,hu: 19% 19% 37%  7%  2%  1%  3%  5%  7%
x264 [info]: i4 v,h,dc,ddl,ddr,vr,hd,vl,hu: 31% 18% 24%  4%  4%  4%  5%  4%  6%
x264 [info]: i8c dc,h,v,p: 85% 10%  5%  0%
x264 [info]: Weighted P-Frames: Y:9.1% UV:9.1%
x264 [info]: ref P L0: 92.7%  0.8%  5.3%  1.3%
x264 [info]: ref B L0: 81.8% 17.1%  1.1%
x264 [info]: ref B L1: 95.8%  4.2%
x264 [info]: SSIM Mean Y:0.9995864 (33.834db)
x264 [info]: PSNR Mean Y:55.491 U:70.568 V:69.469 Avg:57.041 Global:54.625 kb/s:58.41
[09:26:25] vorbis-decoder done: 0 frames, 0 decoder errors, 0 drops
[09:26:25] starting job
[09:26:25] work: mixdown not specified, track 1 setting mixdown Mono
[09:26:25] work: sanitizing track 1 bitrate 128 to 96 Kbps
[09:26:25] sync: expecting 29 video frames
[09:26:25] job configuration:
[09:26:25]  * source
[09:26:25]    + /tmp/PRODUCT/session.ogv
[09:26:25]    + title 1, chapter(s) 1 to 1
[09:26:25]    + container: ogg
[09:26:25]    + data rate: 153 kbps
[09:26:25]  * destination
[09:26:25]    + /tmp/PRODUCT/session.mp4
[09:26:25]    + container: MPEG-4 (.mp4 and .m4v)
[09:26:25]      + optimized for progressive web downloads
[09:26:25]  * video track
[09:26:25]    + decoder: theora
[09:26:25]    + frame rate: same as source (around 15.000 fps)
[09:26:25]    + filters
[09:26:25]      + Framerate Shaper (0:27000000:1800000)
[09:26:25]        + frame rate: same as source (around 15.000 fps)
[09:26:25]      + Crop and Scale (1024:768:0:0:0:0)
[09:26:25]        + source: 1024 * 768, crop (0/0/0/0): 1024 * 768, scale: 1024 * 768
[09:26:25]    + dimensions: 1024 * 768, mod 0
[09:26:25]    + encoder: H.264 (x264)
[09:26:25]      + bitrate: 1800 kbps, pass: 2
[09:26:25]  * audio track 1
[09:26:25]    + decoder: Unknown (vorbis) (1.0 ch) (track 1, id 0x2)
[09:26:25]      + bitrate: 89 kbps, samplerate: 22050 Hz
[09:26:25]    + mixdown: Mono
[09:26:25]    + encoder: AAC (faac)
[09:26:25]      + bitrate: 96 kbps, samplerate: 22050 Hz
[09:26:25] reader: first SCR 0 id 0x1 DTS 0
[09:26:25] encx264: min-keyint: 15, keyint: 150
x264 [warning]: --psnr used with psy on: results will be invalid!
x264 [warning]: --tune psnr should be used if attempting to benchmark psnr!
x264 [info]: using cpu capabilities: MMX2 SSE2Fast SSSE3 SSE4.2 AVX XOP FMA4 SSEMisalign LZCNT
x264 [warning]: Error: 2pass curve failed to converge
x264 [warning]: target: 1800.00 kbit/s, expected: 676.01 kbit/s, avg QP: 0.0359
x264 [warning]: try reducing target bitrate
x264 [info]: profile High, level 3.1
[09:26:26] reader: done. 1 scr changes
[09:26:26] sync: video time didn't advance - dropped 1 frames (delta 0 ms, current 832433, next 844433, dur 12000)
[09:26:26] sync: video time didn't advance - dropped 1 frames (delta 0 ms, current 856433, next 868433, dur 12000)
[09:26:26] work: average encoding speed for job is 0.000000 fps
[09:26:26] sync: got 29 frames, 29 expected
[09:26:26] render: lost time: 0 (0 frames)
[09:26:26] render: gained time: 0 (0 frames) (0 not accounted for)
[09:26:26] theora-decoder done: 31 frames, 0 decoder errors, 0 drops
x264 [info]: frame I:2     Avg QP: 1.34  size: 45818  PSNR Mean Y:70.25 U:84.89 V:82.78 Avg:71.90 Global:70.95
x264 [info]: frame P:11    Avg QP: 3.63  size:  7744  PSNR Mean Y:72.30 U:83.23 V:79.44 Avg:73.59 Global:72.43
x264 [info]: frame B:16    Avg QP: 3.33  size:   514  PSNR Mean Y:69.97 U:79.69 V:73.14 Avg:70.97 Global:70.50
x264 [info]: consecutive B-frames: 24.1%  6.9%  0.0% 69.0%
x264 [info]: mb I  I16..4: 90.1%  0.6%  9.3%
x264 [info]: mb P  I16..4:  6.2%  0.1%  1.0%  P16..4:  2.7%  0.1%  0.0%  0.0%  0.0%    skip:89.9%
x264 [info]: mb B  I16..4:  0.0%  0.0%  0.0%  B16..8:  2.7%  0.0%  0.0%  direct: 2.1%  skip:95.2%  L0:46.9% L1:53.1% BI: 0.0%
x264 [info]: 8x8 transform intra:0.7% inter:67.1%
x264 [info]: coded y,uvDC,uvAC intra: 7.2% 6.1% 1.1% inter: 0.6% 1.8% 0.3%
x264 [info]: i16 v,h,dc,p: 92%  6%  2%  0%
x264 [info]: i8 v,h,dc,ddl,ddr,vr,hd,vl,hu: 36% 12% 35%  3%  2%  4%  1%  3%  5%
x264 [info]: i4 v,h,dc,ddl,ddr,vr,hd,vl,hu: 26% 17% 24%  5%  5%  5%  6%  4%  7%
x264 [info]: i8c dc,h,v,p: 87%  9%  4%  0%
x264 [info]: Weighted P-Frames: Y:9.1% UV:9.1%
x264 [info]: ref P L0: 96.6%  1.9%  1.4%  0.1%
x264 [info]: ref B L0: 92.1%  7.7%  0.2%
x264 [info]: SSIM Mean Y:0.9999797 (46.920db)
x264 [info]: PSNR Mean Y:71.643 U:82.321 V:77.826 Avg:72.862 Global:71.797 kb/s:151.32
[09:26:26] vorbis-decoder done: 0 frames, 0 decoder errors, 0 drops
[09:26:26] muxmp4: optimizing file
[09:26:26] mux: track 0, 29 frames, 184960 bytes, 153.07 kbps, fifo 32
[09:26:26] mux: track 1, 187 frames, 1139 bytes, 0.94 kbps, fifo 256
[09:26:26] libhb: work result = 0

Encode done!
HandBrake has exited.
[01;32m[*][0m : 
[01;34m[*][0m [cmd] ffmpeg -i /tmp/PRODUCT/session.mp4 -acodec libvorbis -ac 2 -ab 96k -ar 44100 -b:v 345k -s 1024x768 /tmp/PRODUCT/session.webm ffmpeg version 0.8.16-4:0.8.16-0ubuntu0.12.04.1, Copyright (c) 2000-2014 the Libav developers
  built on Sep 16 2014 18:33:49 with gcc 4.6.3
The ffmpeg program is only provided for script compatibility and will be removed
in a future release. It has been deprecated in the Libav project to allow for
incompatible command line syntax improvements in its replacement called avconv
(see Changelog for details). Please use avconv instead.
[mov,mp4,m4a,3gp,3g2,mj2 @ 0x20407a0] max_analyze_duration reached

Seems stream 0 codec frame rate differs from container frame rate: 180000.00 (180000/1) -> 90000.00 (180000/2)
Input #0, mov,mp4,m4a,3gp,3g2,mj2, from '/tmp/PRODUCT/session.mp4':
  Metadata:
    major_brand     : mp42
    minor_version   : 0
    compatible_brands: mp42isomavc1
    creation_time   : 2014-10-17 09:26:25
    encoder         : HandBrake rev0 2013051899
  Duration: 00:00:09.71, start: 0.000000, bitrate: 155 kb/s
    Stream #0.0(und): Video: h264 (High), yuv420p, 1024x768, 152 kb/s, 2.98 fps, 90k tbr, 90k tbn, 180k tbc
    Metadata:
      creation_time   : 2014-10-17 09:26:25
    Stream #0.1(und): Audio: aac, 22050 Hz, mono, s16, 1 kb/s
    Metadata:
      creation_time   : 2014-10-17 09:26:25
[buffer @ 0x2051040] w:1024 h:768 pixfmt:yuv420p
[libvpx @ 0x210baa0] v1.0.0
Output #0, webm, to '/tmp/PRODUCT/session.webm':
  Metadata:
    major_brand     : mp42
    minor_version   : 0
    compatible_brands: mp42isomavc1
    creation_time   : 2014-10-17 09:26:25
    encoder         : Lavf53.21.1
    Stream #0.0(und): Video: libvpx, yuv420p, 1024x768, q=-1--1, 200 kb/s, 1k tbn, 90k tbc
    Metadata:
      creation_time   : 2014-10-17 09:26:25
    Stream #0.1(und): Audio: libvorbis, 44100 Hz, 2 channels, s16, 96 kb/s
    Metadata:
      creation_time   : 2014-10-17 09:26:25
Stream mapping:
  Stream #0.0 -> #0.0
  Stream #0.1 -> #0.1
Press ctrl-c to stop encoding
frame=    1 fps=  0 q=0.0 size=       4kB time=10000000000.00 bitrate=   0.0kbits/s    frame=    4 fps=  3 q=0.0 size=      36kB time=0.18 bitrate=1625.2kbits/s    frame=    8 fps=  5 q=0.0 size=      36kB time=0.45 bitrate= 662.4kbits/s    frame=   11 fps=  4 q=0.0 size=      36kB time=3.52 bitrate=  84.6kbits/s    frame=   13 fps=  4 q=0.0 size=      36kB time=3.57 bitrate=  83.4kbits/s    frame=   15 fps=  4 q=0.0 size=      36kB time=3.84 bitrate=  77.4kbits/s    frame=   20 fps=  5 q=0.0 size=      65kB time=5.38 bitrate=  98.4kbits/s    frame=   26 fps=  5 q=0.0 size=      65kB time=8.63 bitrate=  61.4kbits/s    frame=   29 fps=  5 q=0.0 Lsize=      82kB time=8.67 bitrate=  77.1kbits/s    
video:74kB audio:0kB global headers:4kB muxing overhead 3.726878%
[01;32m[*][0m : 
[01;32m[*][0m : 
